INFO - 2024-05-15 02:31:44 --> Session: Class initialized using 'CodeIgniter\Session\Handlers\FileHandler' driver.
INFO - 2024-05-15 02:31:48 --> Session: Class initialized using 'CodeIgniter\Session\Handlers\FileHandler' driver.
INFO - 2024-05-15 02:31:48 --> Session: Class initialized using 'CodeIgniter\Session\Handlers\FileHandler' driver.
ERROR - 2024-05-15 02:31:55 --> Error connecting to the database: mysqli_sql_exception: No connection could be made because the target machine actively refused it in C:\Users\Hamam Nashir\OneDrive\Dokumen\GitHub\CodeIgniter\vendor\codeigniter4\framework\system\Database\MySQLi\Connection.php:186
Stack trace:
#0 C:\Users\Hamam Nashir\OneDrive\Dokumen\GitHub\CodeIgniter\vendor\codeigniter4\framework\system\Database\MySQLi\Connection.php(186): mysqli->real_connect('localhost', 'root', Object(SensitiveParameterValue), 'spk_saw_ci', 3306, '', 0)
#1 C:\Users\Hamam Nashir\OneDrive\Dokumen\GitHub\CodeIgniter\vendor\codeigniter4\framework\system\Database\BaseConnection.php(421): CodeIgniter\Database\MySQLi\Connection->connect(false)
#2 C:\Users\Hamam Nashir\OneDrive\Dokumen\GitHub\CodeIgniter\vendor\codeigniter4\framework\system\Database\BaseConnection.php(604): CodeIgniter\Database\BaseConnection->initialize()
#3 C:\Users\Hamam Nashir\OneDrive\Dokumen\GitHub\CodeIgniter\vendor\codeigniter4\framework\system\Database\BaseBuilder.php(1629): CodeIgniter\Database\BaseConnection->query('SELECT *\nFROM `...', Array, false)
#4 C:\Users\Hamam Nashir\OneDrive\Dokumen\GitHub\CodeIgniter\vendor\codeigniter4\framework\system\Model.php(319): CodeIgniter\Database\BaseBuilder->get()
#5 C:\Users\Hamam Nashir\OneDrive\Dokumen\GitHub\CodeIgniter\vendor\codeigniter4\framework\system\BaseModel.php(714): CodeIgniter\Model->doFirst()
#6 C:\Users\Hamam Nashir\OneDrive\Dokumen\GitHub\CodeIgniter\app\Models\LoginModel.php(16): CodeIgniter\BaseModel->first()
#7 C:\Users\Hamam Nashir\OneDrive\Dokumen\GitHub\CodeIgniter\app\Controllers\Login.php(29): App\Models\LoginModel->LoginProccess('admin', '21232f297a57a5a...')
#8 C:\Users\Hamam Nashir\OneDrive\Dokumen\GitHub\CodeIgniter\vendor\codeigniter4\framework\system\CodeIgniter.php(933): App\Controllers\Login->process()
#9 C:\Users\Hamam Nashir\OneDrive\Dokumen\GitHub\CodeIgniter\vendor\codeigniter4\framework\system\CodeIgniter.php(509): CodeIgniter\CodeIgniter->runController(Object(App\Controllers\Login))
#10 C:\Users\Hamam Nashir\OneDrive\Dokumen\GitHub\CodeIgniter\vendor\codeigniter4\framework\system\CodeIgniter.php(355): CodeIgniter\CodeIgniter->handleRequest(NULL, Object(Config\Cache), false)
#11 C:\Users\Hamam Nashir\OneDrive\Dokumen\GitHub\CodeIgniter\vendor\codeigniter4\framework\system\Boot.php(312): CodeIgniter\CodeIgniter->run()
#12 C:\Users\Hamam Nashir\OneDrive\Dokumen\GitHub\CodeIgniter\vendor\codeigniter4\framework\system\Boot.php(67): CodeIgniter\Boot::runCodeIgniter(Object(CodeIgniter\CodeIgniter))
#13 C:\Users\Hamam Nashir\OneDrive\Dokumen\GitHub\CodeIgniter\public\index.php(56): CodeIgniter\Boot::bootWeb(Object(Config\Paths))
#14 C:\Users\Hamam Nashir\OneDrive\Dokumen\GitHub\CodeIgniter\vendor\codeigniter4\framework\system\Commands\Server\rewrite.php(49): require_once('C:\\Users\\Hamam ...')
#15 {main}

Next CodeIgniter\Database\Exceptions\DatabaseException: No connection could be made because the target machine actively refused it in C:\Users\Hamam Nashir\OneDrive\Dokumen\GitHub\CodeIgniter\vendor\codeigniter4\framework\system\Database\MySQLi\Connection.php:231
Stack trace:
#0 C:\Users\Hamam Nashir\OneDrive\Dokumen\GitHub\CodeIgniter\vendor\codeigniter4\framework\system\Database\BaseConnection.php(421): CodeIgniter\Database\MySQLi\Connection->connect(false)
#1 C:\Users\Hamam Nashir\OneDrive\Dokumen\GitHub\CodeIgniter\vendor\codeigniter4\framework\system\Database\BaseConnection.php(604): CodeIgniter\Database\BaseConnection->initialize()
#2 C:\Users\Hamam Nashir\OneDrive\Dokumen\GitHub\CodeIgniter\vendor\codeigniter4\framework\system\Database\BaseBuilder.php(1629): CodeIgniter\Database\BaseConnection->query('SELECT *\nFROM `...', Array, false)
#3 C:\Users\Hamam Nashir\OneDrive\Dokumen\GitHub\CodeIgniter\vendor\codeigniter4\framework\system\Model.php(319): CodeIgniter\Database\BaseBuilder->get()
#4 C:\Users\Hamam Nashir\OneDrive\Dokumen\GitHub\CodeIgniter\vendor\codeigniter4\framework\system\BaseModel.php(714): CodeIgniter\Model->doFirst()
#5 C:\Users\Hamam Nashir\OneDrive\Dokumen\GitHub\CodeIgniter\app\Models\LoginModel.php(16): CodeIgniter\BaseModel->first()
#6 C:\Users\Hamam Nashir\OneDrive\Dokumen\GitHub\CodeIgniter\app\Controllers\Login.php(29): App\Models\LoginModel->LoginProccess('admin', '21232f297a57a5a...')
#7 C:\Users\Hamam Nashir\OneDrive\Dokumen\GitHub\CodeIgniter\vendor\codeigniter4\framework\system\CodeIgniter.php(933): App\Controllers\Login->process()
#8 C:\Users\Hamam Nashir\OneDrive\Dokumen\GitHub\CodeIgniter\vendor\codeigniter4\framework\system\CodeIgniter.php(509): CodeIgniter\CodeIgniter->runController(Object(App\Controllers\Login))
#9 C:\Users\Hamam Nashir\OneDrive\Dokumen\GitHub\CodeIgniter\vendor\codeigniter4\framework\system\CodeIgniter.php(355): CodeIgniter\CodeIgniter->handleRequest(NULL, Object(Config\Cache), false)
#10 C:\Users\Hamam Nashir\OneDrive\Dokumen\GitHub\CodeIgniter\vendor\codeigniter4\framework\system\Boot.php(312): CodeIgniter\CodeIgniter->run()
#11 C:\Users\Hamam Nashir\OneDrive\Dokumen\GitHub\CodeIgniter\vendor\codeigniter4\framework\system\Boot.php(67): CodeIgniter\Boot::runCodeIgniter(Object(CodeIgniter\CodeIgniter))
#12 C:\Users\Hamam Nashir\OneDrive\Dokumen\GitHub\CodeIgniter\public\index.php(56): CodeIgniter\Boot::bootWeb(Object(Config\Paths))
#13 C:\Users\Hamam Nashir\OneDrive\Dokumen\GitHub\CodeIgniter\vendor\codeigniter4\framework\system\Commands\Server\rewrite.php(49): require_once('C:\\Users\\Hamam ...')
#14 {main}
CRITICAL - 2024-05-15 02:31:55 --> CodeIgniter\Database\Exceptions\DatabaseException: Unable to connect to the database.
Main connection [MySQLi]: No connection could be made because the target machine actively refused it
[Method: POST, Route: login/process]
in SYSTEMPATH\Database\BaseConnection.php on line 457.
 1 SYSTEMPATH\Database\BaseConnection.php(604): CodeIgniter\Database\BaseConnection->initialize()
 2 SYSTEMPATH\Database\BaseBuilder.php(1629): CodeIgniter\Database\BaseConnection->query('SELECT *
FROM `user`
WHERE `username` = :username:
AND `password` = :password:
 LIMIT 1', [...], false)
 3 SYSTEMPATH\Model.php(319): CodeIgniter\Database\BaseBuilder->get()
 4 SYSTEMPATH\BaseModel.php(714): CodeIgniter\Model->doFirst()
 5 APPPATH\Models\LoginModel.php(16): CodeIgniter\BaseModel->first()
 6 APPPATH\Controllers\Login.php(29): App\Models\LoginModel->LoginProccess('admin', '21232f297a57a5a743894a0e4a801fc3')
 7 SYSTEMPATH\CodeIgniter.php(933): App\Controllers\Login->process()
 8 SYSTEMPATH\CodeIgniter.php(509): CodeIgniter\CodeIgniter->runController(Object(App\Controllers\Login))
 9 SYSTEMPATH\CodeIgniter.php(355): CodeIgniter\CodeIgniter->handleRequest(null, Object(Config\Cache), false)
10 SYSTEMPATH\Boot.php(312): CodeIgniter\CodeIgniter->run()
11 SYSTEMPATH\Boot.php(67): CodeIgniter\Boot::runCodeIgniter(Object(CodeIgniter\CodeIgniter))
12 FCPATH\index.php(56): CodeIgniter\Boot::bootWeb(Object(Config\Paths))
13 SYSTEMPATH\Commands\Server\rewrite.php(49): require_once('C:\\Users\\Hamam Nashir\\OneDrive\\Dokumen\\GitHub\\CodeIgniter\\public\\index.php')
