INFO - 2024-05-12 13:14:59 --> Session: Class initialized using 'CodeIgniter\Session\Handlers\FileHandler' driver.
INFO - 2024-05-12 13:15:00 --> Session: Class initialized using 'CodeIgniter\Session\Handlers\FileHandler' driver.
INFO - 2024-05-12 13:15:57 --> Session: Class initialized using 'CodeIgniter\Session\Handlers\FileHandler' driver.
INFO - 2024-05-12 13:15:59 --> Session: Class initialized using 'CodeIgniter\Session\Handlers\FileHandler' driver.
INFO - 2024-05-12 13:15:59 --> Session: Class initialized using 'CodeIgniter\Session\Handlers\FileHandler' driver.
INFO - 2024-05-12 13:16:01 --> Session: Class initialized using 'CodeIgniter\Session\Handlers\FileHandler' driver.
INFO - 2024-05-12 13:16:01 --> Session: Class initialized using 'CodeIgniter\Session\Handlers\FileHandler' driver.
INFO - 2024-05-12 13:18:03 --> Session: Class initialized using 'CodeIgniter\Session\Handlers\FileHandler' driver.
INFO - 2024-05-12 13:18:04 --> Session: Class initialized using 'CodeIgniter\Session\Handlers\FileHandler' driver.
INFO - 2024-05-12 13:18:04 --> Session: Class initialized using 'CodeIgniter\Session\Handlers\FileHandler' driver.
INFO - 2024-05-12 13:18:10 --> Session: Class initialized using 'CodeIgniter\Session\Handlers\FileHandler' driver.
INFO - 2024-05-12 13:18:10 --> Session: Class initialized using 'CodeIgniter\Session\Handlers\FileHandler' driver.
INFO - 2024-05-12 13:18:14 --> Session: Class initialized using 'CodeIgniter\Session\Handlers\FileHandler' driver.
INFO - 2024-05-12 13:18:14 --> Session: Class initialized using 'CodeIgniter\Session\Handlers\FileHandler' driver.
INFO - 2024-05-12 13:19:11 --> Session: Class initialized using 'CodeIgniter\Session\Handlers\FileHandler' driver.
INFO - 2024-05-12 13:19:12 --> Session: Class initialized using 'CodeIgniter\Session\Handlers\FileHandler' driver.
INFO - 2024-05-12 13:19:12 --> Session: Class initialized using 'CodeIgniter\Session\Handlers\FileHandler' driver.
INFO - 2024-05-12 13:19:13 --> Session: Class initialized using 'CodeIgniter\Session\Handlers\FileHandler' driver.
INFO - 2024-05-12 13:19:13 --> Session: Class initialized using 'CodeIgniter\Session\Handlers\FileHandler' driver.
INFO - 2024-05-12 13:19:13 --> Session: Class initialized using 'CodeIgniter\Session\Handlers\FileHandler' driver.
INFO - 2024-05-12 13:19:13 --> Session: Class initialized using 'CodeIgniter\Session\Handlers\FileHandler' driver.
INFO - 2024-05-12 13:19:14 --> Session: Class initialized using 'CodeIgniter\Session\Handlers\FileHandler' driver.
INFO - 2024-05-12 13:19:14 --> Session: Class initialized using 'CodeIgniter\Session\Handlers\FileHandler' driver.
INFO - 2024-05-12 13:19:15 --> Session: Class initialized using 'CodeIgniter\Session\Handlers\FileHandler' driver.
INFO - 2024-05-12 13:19:15 --> Session: Class initialized using 'CodeIgniter\Session\Handlers\FileHandler' driver.
INFO - 2024-05-12 13:19:19 --> Session: Class initialized using 'CodeIgniter\Session\Handlers\FileHandler' driver.
INFO - 2024-05-12 13:19:19 --> Session: Class initialized using 'CodeIgniter\Session\Handlers\FileHandler' driver.
INFO - 2024-05-12 13:19:35 --> Session: Class initialized using 'CodeIgniter\Session\Handlers\FileHandler' driver.
WARNING - 2024-05-12 13:19:38 --> [DEPRECATED] md5(): Passing null to parameter #1 ($string) of type string is deprecated in APPPATH\Controllers\Login.php on line 28.
 1 APPPATH\Controllers\Login.php(28): md5(null)
 2 SYSTEMPATH\CodeIgniter.php(933): App\Controllers\Login->process()
 3 SYSTEMPATH\CodeIgniter.php(509): CodeIgniter\CodeIgniter->runController(Object(App\Controllers\Login))
 4 SYSTEMPATH\CodeIgniter.php(355): CodeIgniter\CodeIgniter->handleRequest(null, Object(Config\Cache), false)
 5 SYSTEMPATH\Boot.php(312): CodeIgniter\CodeIgniter->run()
 6 SYSTEMPATH\Boot.php(67): CodeIgniter\Boot::runCodeIgniter(Object(CodeIgniter\CodeIgniter))
 7 FCPATH\index.php(56): CodeIgniter\Boot::bootWeb(Object(Config\Paths))
 8 SYSTEMPATH\Commands\Server\rewrite.php(49): require_once('C:\\xampp\\htdocs\\CI4\\public\\index.php')
INFO - 2024-05-12 13:19:38 --> Session: Class initialized using 'CodeIgniter\Session\Handlers\FileHandler' driver.
WARNING - 2024-05-12 13:19:40 --> [DEPRECATED] md5(): Passing null to parameter #1 ($string) of type string is deprecated in APPPATH\Controllers\Login.php on line 28.
 1 APPPATH\Controllers\Login.php(28): md5(null)
 2 SYSTEMPATH\CodeIgniter.php(933): App\Controllers\Login->process()
 3 SYSTEMPATH\CodeIgniter.php(509): CodeIgniter\CodeIgniter->runController(Object(App\Controllers\Login))
 4 SYSTEMPATH\CodeIgniter.php(355): CodeIgniter\CodeIgniter->handleRequest(null, Object(Config\Cache), false)
 5 SYSTEMPATH\Boot.php(312): CodeIgniter\CodeIgniter->run()
 6 SYSTEMPATH\Boot.php(67): CodeIgniter\Boot::runCodeIgniter(Object(CodeIgniter\CodeIgniter))
 7 FCPATH\index.php(56): CodeIgniter\Boot::bootWeb(Object(Config\Paths))
 8 SYSTEMPATH\Commands\Server\rewrite.php(49): require_once('C:\\xampp\\htdocs\\CI4\\public\\index.php')
INFO - 2024-05-12 13:19:40 --> Session: Class initialized using 'CodeIgniter\Session\Handlers\FileHandler' driver.
WARNING - 2024-05-12 13:19:41 --> [DEPRECATED] md5(): Passing null to parameter #1 ($string) of type string is deprecated in APPPATH\Controllers\Login.php on line 28.
 1 APPPATH\Controllers\Login.php(28): md5(null)
 2 SYSTEMPATH\CodeIgniter.php(933): App\Controllers\Login->process()
 3 SYSTEMPATH\CodeIgniter.php(509): CodeIgniter\CodeIgniter->runController(Object(App\Controllers\Login))
 4 SYSTEMPATH\CodeIgniter.php(355): CodeIgniter\CodeIgniter->handleRequest(null, Object(Config\Cache), false)
 5 SYSTEMPATH\Boot.php(312): CodeIgniter\CodeIgniter->run()
 6 SYSTEMPATH\Boot.php(67): CodeIgniter\Boot::runCodeIgniter(Object(CodeIgniter\CodeIgniter))
 7 FCPATH\index.php(56): CodeIgniter\Boot::bootWeb(Object(Config\Paths))
 8 SYSTEMPATH\Commands\Server\rewrite.php(49): require_once('C:\\xampp\\htdocs\\CI4\\public\\index.php')
INFO - 2024-05-12 13:19:41 --> Session: Class initialized using 'CodeIgniter\Session\Handlers\FileHandler' driver.
WARNING - 2024-05-12 13:19:42 --> [DEPRECATED] md5(): Passing null to parameter #1 ($string) of type string is deprecated in APPPATH\Controllers\Login.php on line 28.
 1 APPPATH\Controllers\Login.php(28): md5(null)
 2 SYSTEMPATH\CodeIgniter.php(933): App\Controllers\Login->process()
 3 SYSTEMPATH\CodeIgniter.php(509): CodeIgniter\CodeIgniter->runController(Object(App\Controllers\Login))
 4 SYSTEMPATH\CodeIgniter.php(355): CodeIgniter\CodeIgniter->handleRequest(null, Object(Config\Cache), false)
 5 SYSTEMPATH\Boot.php(312): CodeIgniter\CodeIgniter->run()
 6 SYSTEMPATH\Boot.php(67): CodeIgniter\Boot::runCodeIgniter(Object(CodeIgniter\CodeIgniter))
 7 FCPATH\index.php(56): CodeIgniter\Boot::bootWeb(Object(Config\Paths))
 8 SYSTEMPATH\Commands\Server\rewrite.php(49): require_once('C:\\xampp\\htdocs\\CI4\\public\\index.php')
INFO - 2024-05-12 13:19:42 --> Session: Class initialized using 'CodeIgniter\Session\Handlers\FileHandler' driver.
WARNING - 2024-05-12 13:19:43 --> [DEPRECATED] md5(): Passing null to parameter #1 ($string) of type string is deprecated in APPPATH\Controllers\Login.php on line 28.
 1 APPPATH\Controllers\Login.php(28): md5(null)
 2 SYSTEMPATH\CodeIgniter.php(933): App\Controllers\Login->process()
 3 SYSTEMPATH\CodeIgniter.php(509): CodeIgniter\CodeIgniter->runController(Object(App\Controllers\Login))
 4 SYSTEMPATH\CodeIgniter.php(355): CodeIgniter\CodeIgniter->handleRequest(null, Object(Config\Cache), false)
 5 SYSTEMPATH\Boot.php(312): CodeIgniter\CodeIgniter->run()
 6 SYSTEMPATH\Boot.php(67): CodeIgniter\Boot::runCodeIgniter(Object(CodeIgniter\CodeIgniter))
 7 FCPATH\index.php(56): CodeIgniter\Boot::bootWeb(Object(Config\Paths))
 8 SYSTEMPATH\Commands\Server\rewrite.php(49): require_once('C:\\xampp\\htdocs\\CI4\\public\\index.php')
INFO - 2024-05-12 13:19:44 --> Session: Class initialized using 'CodeIgniter\Session\Handlers\FileHandler' driver.
WARNING - 2024-05-12 13:19:44 --> [DEPRECATED] md5(): Passing null to parameter #1 ($string) of type string is deprecated in APPPATH\Controllers\Login.php on line 28.
 1 APPPATH\Controllers\Login.php(28): md5(null)
 2 SYSTEMPATH\CodeIgniter.php(933): App\Controllers\Login->process()
 3 SYSTEMPATH\CodeIgniter.php(509): CodeIgniter\CodeIgniter->runController(Object(App\Controllers\Login))
 4 SYSTEMPATH\CodeIgniter.php(355): CodeIgniter\CodeIgniter->handleRequest(null, Object(Config\Cache), false)
 5 SYSTEMPATH\Boot.php(312): CodeIgniter\CodeIgniter->run()
 6 SYSTEMPATH\Boot.php(67): CodeIgniter\Boot::runCodeIgniter(Object(CodeIgniter\CodeIgniter))
 7 FCPATH\index.php(56): CodeIgniter\Boot::bootWeb(Object(Config\Paths))
 8 SYSTEMPATH\Commands\Server\rewrite.php(49): require_once('C:\\xampp\\htdocs\\CI4\\public\\index.php')
INFO - 2024-05-12 13:19:44 --> Session: Class initialized using 'CodeIgniter\Session\Handlers\FileHandler' driver.
WARNING - 2024-05-12 13:19:45 --> [DEPRECATED] md5(): Passing null to parameter #1 ($string) of type string is deprecated in APPPATH\Controllers\Login.php on line 28.
 1 APPPATH\Controllers\Login.php(28): md5(null)
 2 SYSTEMPATH\CodeIgniter.php(933): App\Controllers\Login->process()
 3 SYSTEMPATH\CodeIgniter.php(509): CodeIgniter\CodeIgniter->runController(Object(App\Controllers\Login))
 4 SYSTEMPATH\CodeIgniter.php(355): CodeIgniter\CodeIgniter->handleRequest(null, Object(Config\Cache), false)
 5 SYSTEMPATH\Boot.php(312): CodeIgniter\CodeIgniter->run()
 6 SYSTEMPATH\Boot.php(67): CodeIgniter\Boot::runCodeIgniter(Object(CodeIgniter\CodeIgniter))
 7 FCPATH\index.php(56): CodeIgniter\Boot::bootWeb(Object(Config\Paths))
 8 SYSTEMPATH\Commands\Server\rewrite.php(49): require_once('C:\\xampp\\htdocs\\CI4\\public\\index.php')
INFO - 2024-05-12 13:19:45 --> Session: Class initialized using 'CodeIgniter\Session\Handlers\FileHandler' driver.
WARNING - 2024-05-12 13:19:45 --> [DEPRECATED] md5(): Passing null to parameter #1 ($string) of type string is deprecated in APPPATH\Controllers\Login.php on line 28.
 1 APPPATH\Controllers\Login.php(28): md5(null)
 2 SYSTEMPATH\CodeIgniter.php(933): App\Controllers\Login->process()
 3 SYSTEMPATH\CodeIgniter.php(509): CodeIgniter\CodeIgniter->runController(Object(App\Controllers\Login))
 4 SYSTEMPATH\CodeIgniter.php(355): CodeIgniter\CodeIgniter->handleRequest(null, Object(Config\Cache), false)
 5 SYSTEMPATH\Boot.php(312): CodeIgniter\CodeIgniter->run()
 6 SYSTEMPATH\Boot.php(67): CodeIgniter\Boot::runCodeIgniter(Object(CodeIgniter\CodeIgniter))
 7 FCPATH\index.php(56): CodeIgniter\Boot::bootWeb(Object(Config\Paths))
 8 SYSTEMPATH\Commands\Server\rewrite.php(49): require_once('C:\\xampp\\htdocs\\CI4\\public\\index.php')
INFO - 2024-05-12 13:19:45 --> Session: Class initialized using 'CodeIgniter\Session\Handlers\FileHandler' driver.
INFO - 2024-05-12 13:20:04 --> Session: Class initialized using 'CodeIgniter\Session\Handlers\FileHandler' driver.
WARNING - 2024-05-12 13:20:07 --> [DEPRECATED] md5(): Passing null to parameter #1 ($string) of type string is deprecated in APPPATH\Controllers\Login.php on line 28.
 1 APPPATH\Controllers\Login.php(28): md5(null)
 2 SYSTEMPATH\CodeIgniter.php(933): App\Controllers\Login->process()
 3 SYSTEMPATH\CodeIgniter.php(509): CodeIgniter\CodeIgniter->runController(Object(App\Controllers\Login))
 4 SYSTEMPATH\CodeIgniter.php(355): CodeIgniter\CodeIgniter->handleRequest(null, Object(Config\Cache), false)
 5 SYSTEMPATH\Boot.php(312): CodeIgniter\CodeIgniter->run()
 6 SYSTEMPATH\Boot.php(67): CodeIgniter\Boot::runCodeIgniter(Object(CodeIgniter\CodeIgniter))
 7 FCPATH\index.php(56): CodeIgniter\Boot::bootWeb(Object(Config\Paths))
 8 SYSTEMPATH\Commands\Server\rewrite.php(49): require_once('C:\\xampp\\htdocs\\CI4\\public\\index.php')
INFO - 2024-05-12 13:20:07 --> Session: Class initialized using 'CodeIgniter\Session\Handlers\FileHandler' driver.
WARNING - 2024-05-12 13:20:09 --> [DEPRECATED] md5(): Passing null to parameter #1 ($string) of type string is deprecated in APPPATH\Controllers\Login.php on line 28.
 1 APPPATH\Controllers\Login.php(28): md5(null)
 2 SYSTEMPATH\CodeIgniter.php(933): App\Controllers\Login->process()
 3 SYSTEMPATH\CodeIgniter.php(509): CodeIgniter\CodeIgniter->runController(Object(App\Controllers\Login))
 4 SYSTEMPATH\CodeIgniter.php(355): CodeIgniter\CodeIgniter->handleRequest(null, Object(Config\Cache), false)
 5 SYSTEMPATH\Boot.php(312): CodeIgniter\CodeIgniter->run()
 6 SYSTEMPATH\Boot.php(67): CodeIgniter\Boot::runCodeIgniter(Object(CodeIgniter\CodeIgniter))
 7 FCPATH\index.php(56): CodeIgniter\Boot::bootWeb(Object(Config\Paths))
 8 SYSTEMPATH\Commands\Server\rewrite.php(49): require_once('C:\\xampp\\htdocs\\CI4\\public\\index.php')
INFO - 2024-05-12 13:20:09 --> Session: Class initialized using 'CodeIgniter\Session\Handlers\FileHandler' driver.
WARNING - 2024-05-12 13:20:11 --> [DEPRECATED] md5(): Passing null to parameter #1 ($string) of type string is deprecated in APPPATH\Controllers\Login.php on line 28.
 1 APPPATH\Controllers\Login.php(28): md5(null)
 2 SYSTEMPATH\CodeIgniter.php(933): App\Controllers\Login->process()
 3 SYSTEMPATH\CodeIgniter.php(509): CodeIgniter\CodeIgniter->runController(Object(App\Controllers\Login))
 4 SYSTEMPATH\CodeIgniter.php(355): CodeIgniter\CodeIgniter->handleRequest(null, Object(Config\Cache), false)
 5 SYSTEMPATH\Boot.php(312): CodeIgniter\CodeIgniter->run()
 6 SYSTEMPATH\Boot.php(67): CodeIgniter\Boot::runCodeIgniter(Object(CodeIgniter\CodeIgniter))
 7 FCPATH\index.php(56): CodeIgniter\Boot::bootWeb(Object(Config\Paths))
 8 SYSTEMPATH\Commands\Server\rewrite.php(49): require_once('C:\\xampp\\htdocs\\CI4\\public\\index.php')
INFO - 2024-05-12 13:20:11 --> Session: Class initialized using 'CodeIgniter\Session\Handlers\FileHandler' driver.
WARNING - 2024-05-12 13:20:12 --> [DEPRECATED] md5(): Passing null to parameter #1 ($string) of type string is deprecated in APPPATH\Controllers\Login.php on line 28.
 1 APPPATH\Controllers\Login.php(28): md5(null)
 2 SYSTEMPATH\CodeIgniter.php(933): App\Controllers\Login->process()
 3 SYSTEMPATH\CodeIgniter.php(509): CodeIgniter\CodeIgniter->runController(Object(App\Controllers\Login))
 4 SYSTEMPATH\CodeIgniter.php(355): CodeIgniter\CodeIgniter->handleRequest(null, Object(Config\Cache), false)
 5 SYSTEMPATH\Boot.php(312): CodeIgniter\CodeIgniter->run()
 6 SYSTEMPATH\Boot.php(67): CodeIgniter\Boot::runCodeIgniter(Object(CodeIgniter\CodeIgniter))
 7 FCPATH\index.php(56): CodeIgniter\Boot::bootWeb(Object(Config\Paths))
 8 SYSTEMPATH\Commands\Server\rewrite.php(49): require_once('C:\\xampp\\htdocs\\CI4\\public\\index.php')
INFO - 2024-05-12 13:20:12 --> Session: Class initialized using 'CodeIgniter\Session\Handlers\FileHandler' driver.
WARNING - 2024-05-12 13:20:12 --> [DEPRECATED] md5(): Passing null to parameter #1 ($string) of type string is deprecated in APPPATH\Controllers\Login.php on line 28.
 1 APPPATH\Controllers\Login.php(28): md5(null)
 2 SYSTEMPATH\CodeIgniter.php(933): App\Controllers\Login->process()
 3 SYSTEMPATH\CodeIgniter.php(509): CodeIgniter\CodeIgniter->runController(Object(App\Controllers\Login))
 4 SYSTEMPATH\CodeIgniter.php(355): CodeIgniter\CodeIgniter->handleRequest(null, Object(Config\Cache), false)
 5 SYSTEMPATH\Boot.php(312): CodeIgniter\CodeIgniter->run()
 6 SYSTEMPATH\Boot.php(67): CodeIgniter\Boot::runCodeIgniter(Object(CodeIgniter\CodeIgniter))
 7 FCPATH\index.php(56): CodeIgniter\Boot::bootWeb(Object(Config\Paths))
 8 SYSTEMPATH\Commands\Server\rewrite.php(49): require_once('C:\\xampp\\htdocs\\CI4\\public\\index.php')
INFO - 2024-05-12 13:20:12 --> Session: Class initialized using 'CodeIgniter\Session\Handlers\FileHandler' driver.
WARNING - 2024-05-12 13:20:13 --> [DEPRECATED] md5(): Passing null to parameter #1 ($string) of type string is deprecated in APPPATH\Controllers\Login.php on line 28.
 1 APPPATH\Controllers\Login.php(28): md5(null)
 2 SYSTEMPATH\CodeIgniter.php(933): App\Controllers\Login->process()
 3 SYSTEMPATH\CodeIgniter.php(509): CodeIgniter\CodeIgniter->runController(Object(App\Controllers\Login))
 4 SYSTEMPATH\CodeIgniter.php(355): CodeIgniter\CodeIgniter->handleRequest(null, Object(Config\Cache), false)
 5 SYSTEMPATH\Boot.php(312): CodeIgniter\CodeIgniter->run()
 6 SYSTEMPATH\Boot.php(67): CodeIgniter\Boot::runCodeIgniter(Object(CodeIgniter\CodeIgniter))
 7 FCPATH\index.php(56): CodeIgniter\Boot::bootWeb(Object(Config\Paths))
 8 SYSTEMPATH\Commands\Server\rewrite.php(49): require_once('C:\\xampp\\htdocs\\CI4\\public\\index.php')
INFO - 2024-05-12 13:20:13 --> Session: Class initialized using 'CodeIgniter\Session\Handlers\FileHandler' driver.
INFO - 2024-05-12 13:20:41 --> Session: Class initialized using 'CodeIgniter\Session\Handlers\FileHandler' driver.
WARNING - 2024-05-12 13:20:42 --> [DEPRECATED] md5(): Passing null to parameter #1 ($string) of type string is deprecated in APPPATH\Controllers\Login.php on line 28.
 1 APPPATH\Controllers\Login.php(28): md5(null)
 2 SYSTEMPATH\CodeIgniter.php(933): App\Controllers\Login->process()
 3 SYSTEMPATH\CodeIgniter.php(509): CodeIgniter\CodeIgniter->runController(Object(App\Controllers\Login))
 4 SYSTEMPATH\CodeIgniter.php(355): CodeIgniter\CodeIgniter->handleRequest(null, Object(Config\Cache), false)
 5 SYSTEMPATH\Boot.php(312): CodeIgniter\CodeIgniter->run()
 6 SYSTEMPATH\Boot.php(67): CodeIgniter\Boot::runCodeIgniter(Object(CodeIgniter\CodeIgniter))
 7 FCPATH\index.php(56): CodeIgniter\Boot::bootWeb(Object(Config\Paths))
 8 SYSTEMPATH\Commands\Server\rewrite.php(49): require_once('C:\\xampp\\htdocs\\CI4\\public\\index.php')
INFO - 2024-05-12 13:20:42 --> Session: Class initialized using 'CodeIgniter\Session\Handlers\FileHandler' driver.
WARNING - 2024-05-12 13:20:45 --> [DEPRECATED] md5(): Passing null to parameter #1 ($string) of type string is deprecated in APPPATH\Controllers\Login.php on line 28.
 1 APPPATH\Controllers\Login.php(28): md5(null)
 2 SYSTEMPATH\CodeIgniter.php(933): App\Controllers\Login->process()
 3 SYSTEMPATH\CodeIgniter.php(509): CodeIgniter\CodeIgniter->runController(Object(App\Controllers\Login))
 4 SYSTEMPATH\CodeIgniter.php(355): CodeIgniter\CodeIgniter->handleRequest(null, Object(Config\Cache), false)
 5 SYSTEMPATH\Boot.php(312): CodeIgniter\CodeIgniter->run()
 6 SYSTEMPATH\Boot.php(67): CodeIgniter\Boot::runCodeIgniter(Object(CodeIgniter\CodeIgniter))
 7 FCPATH\index.php(56): CodeIgniter\Boot::bootWeb(Object(Config\Paths))
 8 SYSTEMPATH\Commands\Server\rewrite.php(49): require_once('C:\\xampp\\htdocs\\CI4\\public\\index.php')
INFO - 2024-05-12 13:20:45 --> Session: Class initialized using 'CodeIgniter\Session\Handlers\FileHandler' driver.
INFO - 2024-05-12 13:20:48 --> Session: Class initialized using 'CodeIgniter\Session\Handlers\FileHandler' driver.
INFO - 2024-05-12 13:20:48 --> Session: Class initialized using 'CodeIgniter\Session\Handlers\FileHandler' driver.
INFO - 2024-05-12 13:21:52 --> Session: Class initialized using 'CodeIgniter\Session\Handlers\FileHandler' driver.
INFO - 2024-05-12 13:21:53 --> Session: Class initialized using 'CodeIgniter\Session\Handlers\FileHandler' driver.
INFO - 2024-05-12 13:21:55 --> Session: Class initialized using 'CodeIgniter\Session\Handlers\FileHandler' driver.
INFO - 2024-05-12 13:21:56 --> Session: Class initialized using 'CodeIgniter\Session\Handlers\FileHandler' driver.
INFO - 2024-05-12 13:21:58 --> Session: Class initialized using 'CodeIgniter\Session\Handlers\FileHandler' driver.
INFO - 2024-05-12 13:22:00 --> Session: Class initialized using 'CodeIgniter\Session\Handlers\FileHandler' driver.
CRITICAL - 2024-05-12 13:22:00 --> TypeError: App\Controllers\Login::index(): Return value must be of type string, CodeIgniter\HTTP\RedirectResponse returned
[Method: GET, Route: login]
in APPPATH\Controllers\Login.php on line 17.
 1 SYSTEMPATH\CodeIgniter.php(933): App\Controllers\Login->index()
 2 SYSTEMPATH\CodeIgniter.php(509): CodeIgniter\CodeIgniter->runController(Object(App\Controllers\Login))
 3 SYSTEMPATH\CodeIgniter.php(355): CodeIgniter\CodeIgniter->handleRequest(null, Object(Config\Cache), false)
 4 SYSTEMPATH\Boot.php(312): CodeIgniter\CodeIgniter->run()
 5 SYSTEMPATH\Boot.php(67): CodeIgniter\Boot::runCodeIgniter(Object(CodeIgniter\CodeIgniter))
 6 FCPATH\index.php(56): CodeIgniter\Boot::bootWeb(Object(Config\Paths))
 7 SYSTEMPATH\Commands\Server\rewrite.php(49): require_once('C:\\xampp\\htdocs\\CI4\\public\\index.php')
INFO - 2024-05-12 13:22:26 --> Session: Class initialized using 'CodeIgniter\Session\Handlers\FileHandler' driver.
CRITICAL - 2024-05-12 13:22:26 --> TypeError: App\Controllers\Login::index(): Return value must be of type string, CodeIgniter\HTTP\RedirectResponse returned
[Method: GET, Route: login]
in APPPATH\Controllers\Login.php on line 17.
 1 SYSTEMPATH\CodeIgniter.php(933): App\Controllers\Login->index()
 2 SYSTEMPATH\CodeIgniter.php(509): CodeIgniter\CodeIgniter->runController(Object(App\Controllers\Login))
 3 SYSTEMPATH\CodeIgniter.php(355): CodeIgniter\CodeIgniter->handleRequest(null, Object(Config\Cache), false)
 4 SYSTEMPATH\Boot.php(312): CodeIgniter\CodeIgniter->run()
 5 SYSTEMPATH\Boot.php(67): CodeIgniter\Boot::runCodeIgniter(Object(CodeIgniter\CodeIgniter))
 6 FCPATH\index.php(56): CodeIgniter\Boot::bootWeb(Object(Config\Paths))
 7 SYSTEMPATH\Commands\Server\rewrite.php(49): require_once('C:\\xampp\\htdocs\\CI4\\public\\index.php')
INFO - 2024-05-12 13:22:27 --> Session: Class initialized using 'CodeIgniter\Session\Handlers\FileHandler' driver.
CRITICAL - 2024-05-12 13:22:27 --> TypeError: App\Controllers\Login::index(): Return value must be of type string, CodeIgniter\HTTP\RedirectResponse returned
[Method: GET, Route: login]
in APPPATH\Controllers\Login.php on line 17.
 1 SYSTEMPATH\CodeIgniter.php(933): App\Controllers\Login->index()
 2 SYSTEMPATH\CodeIgniter.php(509): CodeIgniter\CodeIgniter->runController(Object(App\Controllers\Login))
 3 SYSTEMPATH\CodeIgniter.php(355): CodeIgniter\CodeIgniter->handleRequest(null, Object(Config\Cache), false)
 4 SYSTEMPATH\Boot.php(312): CodeIgniter\CodeIgniter->run()
 5 SYSTEMPATH\Boot.php(67): CodeIgniter\Boot::runCodeIgniter(Object(CodeIgniter\CodeIgniter))
 6 FCPATH\index.php(56): CodeIgniter\Boot::bootWeb(Object(Config\Paths))
 7 SYSTEMPATH\Commands\Server\rewrite.php(49): require_once('C:\\xampp\\htdocs\\CI4\\public\\index.php')
INFO - 2024-05-12 13:22:27 --> Session: Class initialized using 'CodeIgniter\Session\Handlers\FileHandler' driver.
CRITICAL - 2024-05-12 13:22:27 --> TypeError: App\Controllers\Login::index(): Return value must be of type string, CodeIgniter\HTTP\RedirectResponse returned
[Method: GET, Route: login]
in APPPATH\Controllers\Login.php on line 17.
 1 SYSTEMPATH\CodeIgniter.php(933): App\Controllers\Login->index()
 2 SYSTEMPATH\CodeIgniter.php(509): CodeIgniter\CodeIgniter->runController(Object(App\Controllers\Login))
 3 SYSTEMPATH\CodeIgniter.php(355): CodeIgniter\CodeIgniter->handleRequest(null, Object(Config\Cache), false)
 4 SYSTEMPATH\Boot.php(312): CodeIgniter\CodeIgniter->run()
 5 SYSTEMPATH\Boot.php(67): CodeIgniter\Boot::runCodeIgniter(Object(CodeIgniter\CodeIgniter))
 6 FCPATH\index.php(56): CodeIgniter\Boot::bootWeb(Object(Config\Paths))
 7 SYSTEMPATH\Commands\Server\rewrite.php(49): require_once('C:\\xampp\\htdocs\\CI4\\public\\index.php')
INFO - 2024-05-12 13:22:56 --> Session: Class initialized using 'CodeIgniter\Session\Handlers\FileHandler' driver.
INFO - 2024-05-12 13:22:56 --> Session: Class initialized using 'CodeIgniter\Session\Handlers\FileHandler' driver.
INFO - 2024-05-12 13:22:56 --> Session: Class initialized using 'CodeIgniter\Session\Handlers\FileHandler' driver.
INFO - 2024-05-12 13:22:58 --> Session: Class initialized using 'CodeIgniter\Session\Handlers\FileHandler' driver.
CRITICAL - 2024-05-12 13:22:58 --> TypeError: App\Controllers\Login::index(): Return value must be of type string, CodeIgniter\HTTP\RedirectResponse returned
[Method: GET, Route: login]
in APPPATH\Controllers\Login.php on line 17.
 1 SYSTEMPATH\CodeIgniter.php(933): App\Controllers\Login->index()
 2 SYSTEMPATH\CodeIgniter.php(509): CodeIgniter\CodeIgniter->runController(Object(App\Controllers\Login))
 3 SYSTEMPATH\CodeIgniter.php(355): CodeIgniter\CodeIgniter->handleRequest(null, Object(Config\Cache), false)
 4 SYSTEMPATH\Boot.php(312): CodeIgniter\CodeIgniter->run()
 5 SYSTEMPATH\Boot.php(67): CodeIgniter\Boot::runCodeIgniter(Object(CodeIgniter\CodeIgniter))
 6 FCPATH\index.php(56): CodeIgniter\Boot::bootWeb(Object(Config\Paths))
 7 SYSTEMPATH\Commands\Server\rewrite.php(49): require_once('C:\\xampp\\htdocs\\CI4\\public\\index.php')
INFO - 2024-05-12 13:23:35 --> Session: Class initialized using 'CodeIgniter\Session\Handlers\FileHandler' driver.
CRITICAL - 2024-05-12 13:23:35 --> TypeError: App\Controllers\Login::index(): Return value must be of type string, CodeIgniter\HTTP\RedirectResponse returned
[Method: GET, Route: login]
in APPPATH\Controllers\Login.php on line 17.
 1 SYSTEMPATH\CodeIgniter.php(933): App\Controllers\Login->index()
 2 SYSTEMPATH\CodeIgniter.php(509): CodeIgniter\CodeIgniter->runController(Object(App\Controllers\Login))
 3 SYSTEMPATH\CodeIgniter.php(355): CodeIgniter\CodeIgniter->handleRequest(null, Object(Config\Cache), false)
 4 SYSTEMPATH\Boot.php(312): CodeIgniter\CodeIgniter->run()
 5 SYSTEMPATH\Boot.php(67): CodeIgniter\Boot::runCodeIgniter(Object(CodeIgniter\CodeIgniter))
 6 FCPATH\index.php(56): CodeIgniter\Boot::bootWeb(Object(Config\Paths))
 7 SYSTEMPATH\Commands\Server\rewrite.php(49): require_once('C:\\xampp\\htdocs\\CI4\\public\\index.php')
INFO - 2024-05-12 13:23:38 --> Session: Class initialized using 'CodeIgniter\Session\Handlers\FileHandler' driver.
INFO - 2024-05-12 13:23:40 --> Session: Class initialized using 'CodeIgniter\Session\Handlers\FileHandler' driver.
CRITICAL - 2024-05-12 13:23:40 --> TypeError: App\Controllers\Login::index(): Return value must be of type string, CodeIgniter\HTTP\RedirectResponse returned
[Method: GET, Route: login]
in APPPATH\Controllers\Login.php on line 17.
 1 SYSTEMPATH\CodeIgniter.php(933): App\Controllers\Login->index()
 2 SYSTEMPATH\CodeIgniter.php(509): CodeIgniter\CodeIgniter->runController(Object(App\Controllers\Login))
 3 SYSTEMPATH\CodeIgniter.php(355): CodeIgniter\CodeIgniter->handleRequest(null, Object(Config\Cache), false)
 4 SYSTEMPATH\Boot.php(312): CodeIgniter\CodeIgniter->run()
 5 SYSTEMPATH\Boot.php(67): CodeIgniter\Boot::runCodeIgniter(Object(CodeIgniter\CodeIgniter))
 6 FCPATH\index.php(56): CodeIgniter\Boot::bootWeb(Object(Config\Paths))
 7 SYSTEMPATH\Commands\Server\rewrite.php(49): require_once('C:\\xampp\\htdocs\\CI4\\public\\index.php')
INFO - 2024-05-12 13:24:21 --> Session: Class initialized using 'CodeIgniter\Session\Handlers\FileHandler' driver.
INFO - 2024-05-12 13:24:25 --> Session: Class initialized using 'CodeIgniter\Session\Handlers\FileHandler' driver.
INFO - 2024-05-12 13:24:25 --> Session: Class initialized using 'CodeIgniter\Session\Handlers\FileHandler' driver.
INFO - 2024-05-12 13:24:26 --> Session: Class initialized using 'CodeIgniter\Session\Handlers\FileHandler' driver.
INFO - 2024-05-12 13:24:27 --> Session: Class initialized using 'CodeIgniter\Session\Handlers\FileHandler' driver.
INFO - 2024-05-12 13:24:29 --> Session: Class initialized using 'CodeIgniter\Session\Handlers\FileHandler' driver.
INFO - 2024-05-12 13:24:31 --> Session: Class initialized using 'CodeIgniter\Session\Handlers\FileHandler' driver.
INFO - 2024-05-12 13:24:31 --> Session: Class initialized using 'CodeIgniter\Session\Handlers\FileHandler' driver.
INFO - 2024-05-12 13:24:38 --> Session: Class initialized using 'CodeIgniter\Session\Handlers\FileHandler' driver.
INFO - 2024-05-12 13:24:39 --> Session: Class initialized using 'CodeIgniter\Session\Handlers\FileHandler' driver.
INFO - 2024-05-12 13:24:39 --> Session: Class initialized using 'CodeIgniter\Session\Handlers\FileHandler' driver.
INFO - 2024-05-12 13:24:42 --> Session: Class initialized using 'CodeIgniter\Session\Handlers\FileHandler' driver.
INFO - 2024-05-12 13:24:42 --> Session: Class initialized using 'CodeIgniter\Session\Handlers\FileHandler' driver.
INFO - 2024-05-12 13:24:42 --> Session: Class initialized using 'CodeIgniter\Session\Handlers\FileHandler' driver.
INFO - 2024-05-12 13:24:45 --> Session: Class initialized using 'CodeIgniter\Session\Handlers\FileHandler' driver.
INFO - 2024-05-12 13:24:46 --> Session: Class initialized using 'CodeIgniter\Session\Handlers\FileHandler' driver.
INFO - 2024-05-12 13:25:10 --> Session: Class initialized using 'CodeIgniter\Session\Handlers\FileHandler' driver.
CRITICAL - 2024-05-12 13:25:10 --> TypeError: App\Controllers\Login::index(): Return value must be of type string, CodeIgniter\HTTP\RedirectResponse returned
[Method: GET, Route: login]
in APPPATH\Controllers\Login.php on line 17.
 1 SYSTEMPATH\CodeIgniter.php(933): App\Controllers\Login->index()
 2 SYSTEMPATH\CodeIgniter.php(509): CodeIgniter\CodeIgniter->runController(Object(App\Controllers\Login))
 3 SYSTEMPATH\CodeIgniter.php(355): CodeIgniter\CodeIgniter->handleRequest(null, Object(Config\Cache), false)
 4 SYSTEMPATH\Boot.php(312): CodeIgniter\CodeIgniter->run()
 5 SYSTEMPATH\Boot.php(67): CodeIgniter\Boot::runCodeIgniter(Object(CodeIgniter\CodeIgniter))
 6 FCPATH\index.php(56): CodeIgniter\Boot::bootWeb(Object(Config\Paths))
 7 SYSTEMPATH\Commands\Server\rewrite.php(49): require_once('C:\\xampp\\htdocs\\CI4\\public\\index.php')
INFO - 2024-05-12 13:25:11 --> Session: Class initialized using 'CodeIgniter\Session\Handlers\FileHandler' driver.
CRITICAL - 2024-05-12 13:25:11 --> TypeError: App\Controllers\Login::index(): Return value must be of type string, CodeIgniter\HTTP\RedirectResponse returned
[Method: GET, Route: login]
in APPPATH\Controllers\Login.php on line 17.
 1 SYSTEMPATH\CodeIgniter.php(933): App\Controllers\Login->index()
 2 SYSTEMPATH\CodeIgniter.php(509): CodeIgniter\CodeIgniter->runController(Object(App\Controllers\Login))
 3 SYSTEMPATH\CodeIgniter.php(355): CodeIgniter\CodeIgniter->handleRequest(null, Object(Config\Cache), false)
 4 SYSTEMPATH\Boot.php(312): CodeIgniter\CodeIgniter->run()
 5 SYSTEMPATH\Boot.php(67): CodeIgniter\Boot::runCodeIgniter(Object(CodeIgniter\CodeIgniter))
 6 FCPATH\index.php(56): CodeIgniter\Boot::bootWeb(Object(Config\Paths))
 7 SYSTEMPATH\Commands\Server\rewrite.php(49): require_once('C:\\xampp\\htdocs\\CI4\\public\\index.php')
INFO - 2024-05-12 13:25:39 --> Session: Class initialized using 'CodeIgniter\Session\Handlers\FileHandler' driver.
INFO - 2024-05-12 13:25:40 --> Session: Class initialized using 'CodeIgniter\Session\Handlers\FileHandler' driver.
INFO - 2024-05-12 13:25:40 --> Session: Class initialized using 'CodeIgniter\Session\Handlers\FileHandler' driver.
INFO - 2024-05-12 13:25:46 --> Session: Class initialized using 'CodeIgniter\Session\Handlers\FileHandler' driver.
INFO - 2024-05-12 13:25:46 --> Session: Class initialized using 'CodeIgniter\Session\Handlers\FileHandler' driver.
INFO - 2024-05-12 13:26:20 --> Session: Class initialized using 'CodeIgniter\Session\Handlers\FileHandler' driver.
INFO - 2024-05-12 13:26:21 --> Session: Class initialized using 'CodeIgniter\Session\Handlers\FileHandler' driver.
INFO - 2024-05-12 13:26:34 --> Session: Class initialized using 'CodeIgniter\Session\Handlers\FileHandler' driver.
INFO - 2024-05-12 13:26:35 --> Session: Class initialized using 'CodeIgniter\Session\Handlers\FileHandler' driver.
INFO - 2024-05-12 13:26:36 --> Session: Class initialized using 'CodeIgniter\Session\Handlers\FileHandler' driver.
INFO - 2024-05-12 13:26:36 --> Session: Class initialized using 'CodeIgniter\Session\Handlers\FileHandler' driver.
INFO - 2024-05-12 13:30:31 --> Session: Class initialized using 'CodeIgniter\Session\Handlers\FileHandler' driver.
INFO - 2024-05-12 13:30:51 --> Session: Class initialized using 'CodeIgniter\Session\Handlers\FileHandler' driver.
INFO - 2024-05-12 13:30:52 --> Session: Class initialized using 'CodeIgniter\Session\Handlers\FileHandler' driver.
INFO - 2024-05-12 13:30:53 --> Session: Class initialized using 'CodeIgniter\Session\Handlers\FileHandler' driver.
INFO - 2024-05-12 13:30:56 --> Session: Class initialized using 'CodeIgniter\Session\Handlers\FileHandler' driver.
INFO - 2024-05-12 13:30:56 --> Session: Class initialized using 'CodeIgniter\Session\Handlers\FileHandler' driver.
INFO - 2024-05-12 13:30:57 --> Session: Class initialized using 'CodeIgniter\Session\Handlers\FileHandler' driver.
INFO - 2024-05-12 13:30:58 --> Session: Class initialized using 'CodeIgniter\Session\Handlers\FileHandler' driver.
INFO - 2024-05-12 13:31:21 --> Session: Class initialized using 'CodeIgniter\Session\Handlers\FileHandler' driver.
INFO - 2024-05-12 13:31:25 --> Session: Class initialized using 'CodeIgniter\Session\Handlers\FileHandler' driver.
INFO - 2024-05-12 13:31:27 --> Session: Class initialized using 'CodeIgniter\Session\Handlers\FileHandler' driver.
INFO - 2024-05-12 13:31:27 --> Session: Class initialized using 'CodeIgniter\Session\Handlers\FileHandler' driver.
INFO - 2024-05-12 13:31:30 --> Session: Class initialized using 'CodeIgniter\Session\Handlers\FileHandler' driver.
INFO - 2024-05-12 13:31:30 --> Session: Class initialized using 'CodeIgniter\Session\Handlers\FileHandler' driver.
INFO - 2024-05-12 13:31:35 --> Session: Class initialized using 'CodeIgniter\Session\Handlers\FileHandler' driver.
INFO - 2024-05-12 13:31:35 --> Session: Class initialized using 'CodeIgniter\Session\Handlers\FileHandler' driver.
INFO - 2024-05-12 13:31:38 --> Session: Class initialized using 'CodeIgniter\Session\Handlers\FileHandler' driver.
INFO - 2024-05-12 13:31:38 --> Session: Class initialized using 'CodeIgniter\Session\Handlers\FileHandler' driver.
INFO - 2024-05-12 13:31:56 --> Session: Class initialized using 'CodeIgniter\Session\Handlers\FileHandler' driver.
INFO - 2024-05-12 13:53:25 --> Session: Class initialized using 'CodeIgniter\Session\Handlers\FileHandler' driver.
INFO - 2024-05-12 14:11:35 --> Session: Class initialized using 'CodeIgniter\Session\Handlers\FileHandler' driver.
CRITICAL - 2024-05-12 14:26:09 --> CodeIgniter\HTTP\Exceptions\BadRequestException: The URI you submitted has disallowed characters: "<"
[Method: GET, Route: %3C]
in SYSTEMPATH\Router\Router.php on line 736.
 1 SYSTEMPATH\Router\Router.php(203): CodeIgniter\Router\Router->checkDisallowedChars('<')
 2 SYSTEMPATH\CodeIgniter.php(834): CodeIgniter\Router\Router->handle('<')
 3 SYSTEMPATH\CodeIgniter.php(457): CodeIgniter\CodeIgniter->tryToRouteIt(Object(CodeIgniter\Router\RouteCollection))
 4 SYSTEMPATH\CodeIgniter.php(355): CodeIgniter\CodeIgniter->handleRequest(null, Object(Config\Cache), false)
 5 SYSTEMPATH\Boot.php(312): CodeIgniter\CodeIgniter->run()
 6 SYSTEMPATH\Boot.php(67): CodeIgniter\Boot::runCodeIgniter(Object(CodeIgniter\CodeIgniter))
 7 FCPATH\index.php(56): CodeIgniter\Boot::bootWeb(Object(Config\Paths))
CRITICAL - 2024-05-12 14:28:39 --> CodeIgniter\HTTP\Exceptions\BadRequestException: The URI you submitted has disallowed characters: "<"
[Method: GET, Route: %3C]
in SYSTEMPATH\Router\Router.php on line 736.
 1 SYSTEMPATH\Router\Router.php(203): CodeIgniter\Router\Router->checkDisallowedChars('<')
 2 SYSTEMPATH\CodeIgniter.php(834): CodeIgniter\Router\Router->handle('<')
 3 SYSTEMPATH\CodeIgniter.php(457): CodeIgniter\CodeIgniter->tryToRouteIt(Object(CodeIgniter\Router\RouteCollection))
 4 SYSTEMPATH\CodeIgniter.php(355): CodeIgniter\CodeIgniter->handleRequest(null, Object(Config\Cache), false)
 5 SYSTEMPATH\Boot.php(312): CodeIgniter\CodeIgniter->run()
 6 SYSTEMPATH\Boot.php(67): CodeIgniter\Boot::runCodeIgniter(Object(CodeIgniter\CodeIgniter))
 7 FCPATH\index.php(56): CodeIgniter\Boot::bootWeb(Object(Config\Paths))
CRITICAL - 2024-05-12 14:29:35 --> CodeIgniter\HTTP\Exceptions\BadRequestException: The URI you submitted has disallowed characters: "<"
[Method: GET, Route: %3C]
in SYSTEMPATH\Router\Router.php on line 736.
 1 SYSTEMPATH\Router\Router.php(203): CodeIgniter\Router\Router->checkDisallowedChars('<')
 2 SYSTEMPATH\CodeIgniter.php(834): CodeIgniter\Router\Router->handle('<')
 3 SYSTEMPATH\CodeIgniter.php(457): CodeIgniter\CodeIgniter->tryToRouteIt(Object(CodeIgniter\Router\RouteCollection))
 4 SYSTEMPATH\CodeIgniter.php(355): CodeIgniter\CodeIgniter->handleRequest(null, Object(Config\Cache), false)
 5 SYSTEMPATH\Boot.php(312): CodeIgniter\CodeIgniter->run()
 6 SYSTEMPATH\Boot.php(67): CodeIgniter\Boot::runCodeIgniter(Object(CodeIgniter\CodeIgniter))
 7 FCPATH\index.php(56): CodeIgniter\Boot::bootWeb(Object(Config\Paths))
CRITICAL - 2024-05-12 14:30:44 --> CodeIgniter\HTTP\Exceptions\BadRequestException: The URI you submitted has disallowed characters: "<"
[Method: GET, Route: %3C]
in SYSTEMPATH\Router\Router.php on line 736.
 1 SYSTEMPATH\Router\Router.php(203): CodeIgniter\Router\Router->checkDisallowedChars('<')
 2 SYSTEMPATH\CodeIgniter.php(834): CodeIgniter\Router\Router->handle('<')
 3 SYSTEMPATH\CodeIgniter.php(457): CodeIgniter\CodeIgniter->tryToRouteIt(Object(CodeIgniter\Router\RouteCollection))
 4 SYSTEMPATH\CodeIgniter.php(355): CodeIgniter\CodeIgniter->handleRequest(null, Object(Config\Cache), false)
 5 SYSTEMPATH\Boot.php(312): CodeIgniter\CodeIgniter->run()
 6 SYSTEMPATH\Boot.php(67): CodeIgniter\Boot::runCodeIgniter(Object(CodeIgniter\CodeIgniter))
 7 FCPATH\index.php(56): CodeIgniter\Boot::bootWeb(Object(Config\Paths))
CRITICAL - 2024-05-12 14:30:46 --> CodeIgniter\HTTP\Exceptions\BadRequestException: The URI you submitted has disallowed characters: "<"
[Method: GET, Route: %3C]
in SYSTEMPATH\Router\Router.php on line 736.
 1 SYSTEMPATH\Router\Router.php(203): CodeIgniter\Router\Router->checkDisallowedChars('<')
 2 SYSTEMPATH\CodeIgniter.php(834): CodeIgniter\Router\Router->handle('<')
 3 SYSTEMPATH\CodeIgniter.php(457): CodeIgniter\CodeIgniter->tryToRouteIt(Object(CodeIgniter\Router\RouteCollection))
 4 SYSTEMPATH\CodeIgniter.php(355): CodeIgniter\CodeIgniter->handleRequest(null, Object(Config\Cache), false)
 5 SYSTEMPATH\Boot.php(312): CodeIgniter\CodeIgniter->run()
 6 SYSTEMPATH\Boot.php(67): CodeIgniter\Boot::runCodeIgniter(Object(CodeIgniter\CodeIgniter))
 7 FCPATH\index.php(56): CodeIgniter\Boot::bootWeb(Object(Config\Paths))
CRITICAL - 2024-05-12 14:31:49 --> CodeIgniter\HTTP\Exceptions\BadRequestException: The URI you submitted has disallowed characters: "<"
[Method: GET, Route: %3C]
in SYSTEMPATH\Router\Router.php on line 736.
 1 SYSTEMPATH\Router\Router.php(203): CodeIgniter\Router\Router->checkDisallowedChars('<')
 2 SYSTEMPATH\CodeIgniter.php(834): CodeIgniter\Router\Router->handle('<')
 3 SYSTEMPATH\CodeIgniter.php(457): CodeIgniter\CodeIgniter->tryToRouteIt(Object(CodeIgniter\Router\RouteCollection))
 4 SYSTEMPATH\CodeIgniter.php(355): CodeIgniter\CodeIgniter->handleRequest(null, Object(Config\Cache), false)
 5 SYSTEMPATH\Boot.php(312): CodeIgniter\CodeIgniter->run()
 6 SYSTEMPATH\Boot.php(67): CodeIgniter\Boot::runCodeIgniter(Object(CodeIgniter\CodeIgniter))
 7 FCPATH\index.php(56): CodeIgniter\Boot::bootWeb(Object(Config\Paths))
CRITICAL - 2024-05-12 14:32:09 --> CodeIgniter\HTTP\Exceptions\BadRequestException: The URI you submitted has disallowed characters: "site_url('dataalternative"
[Method: GET, Route: site_url%28%27dataalternative/deleteprocess%27%29undefined]
in SYSTEMPATH\Router\Router.php on line 736.
 1 SYSTEMPATH\Router\Router.php(203): CodeIgniter\Router\Router->checkDisallowedChars('site_url(\'dataalternative/deleteprocess\')undefined')
 2 SYSTEMPATH\CodeIgniter.php(834): CodeIgniter\Router\Router->handle('site_url(\'dataalternative/deleteprocess\')undefined')
 3 SYSTEMPATH\CodeIgniter.php(457): CodeIgniter\CodeIgniter->tryToRouteIt(Object(CodeIgniter\Router\RouteCollection))
 4 SYSTEMPATH\CodeIgniter.php(355): CodeIgniter\CodeIgniter->handleRequest(null, Object(Config\Cache), false)
 5 SYSTEMPATH\Boot.php(312): CodeIgniter\CodeIgniter->run()
 6 SYSTEMPATH\Boot.php(67): CodeIgniter\Boot::runCodeIgniter(Object(CodeIgniter\CodeIgniter))
 7 FCPATH\index.php(56): CodeIgniter\Boot::bootWeb(Object(Config\Paths))
 8 SYSTEMPATH\Commands\Server\rewrite.php(49): require_once('C:\\xampp\\htdocs\\CI4\\public\\index.php')
CRITICAL - 2024-05-12 14:32:27 --> CodeIgniter\HTTP\Exceptions\BadRequestException: The URI you submitted has disallowed characters: "site_url('dataalternative"
[Method: GET, Route: site_url%28%27dataalternative/deleteprocess%27%29undefined]
in SYSTEMPATH\Router\Router.php on line 736.
 1 SYSTEMPATH\Router\Router.php(203): CodeIgniter\Router\Router->checkDisallowedChars('site_url(\'dataalternative/deleteprocess\')undefined')
 2 SYSTEMPATH\CodeIgniter.php(834): CodeIgniter\Router\Router->handle('site_url(\'dataalternative/deleteprocess\')undefined')
 3 SYSTEMPATH\CodeIgniter.php(457): CodeIgniter\CodeIgniter->tryToRouteIt(Object(CodeIgniter\Router\RouteCollection))
 4 SYSTEMPATH\CodeIgniter.php(355): CodeIgniter\CodeIgniter->handleRequest(null, Object(Config\Cache), false)
 5 SYSTEMPATH\Boot.php(312): CodeIgniter\CodeIgniter->run()
 6 SYSTEMPATH\Boot.php(67): CodeIgniter\Boot::runCodeIgniter(Object(CodeIgniter\CodeIgniter))
 7 FCPATH\index.php(56): CodeIgniter\Boot::bootWeb(Object(Config\Paths))
 8 SYSTEMPATH\Commands\Server\rewrite.php(49): require_once('C:\\xampp\\htdocs\\CI4\\public\\index.php')
CRITICAL - 2024-05-12 14:32:58 --> CodeIgniter\HTTP\Exceptions\BadRequestException: The URI you submitted has disallowed characters: "site_url('dataalternative"
[Method: GET, Route: site_url%28%27dataalternative/deleteprocess%27%29undefined]
in SYSTEMPATH\Router\Router.php on line 736.
 1 SYSTEMPATH\Router\Router.php(203): CodeIgniter\Router\Router->checkDisallowedChars('site_url(\'dataalternative/deleteprocess\')undefined')
 2 SYSTEMPATH\CodeIgniter.php(834): CodeIgniter\Router\Router->handle('site_url(\'dataalternative/deleteprocess\')undefined')
 3 SYSTEMPATH\CodeIgniter.php(457): CodeIgniter\CodeIgniter->tryToRouteIt(Object(CodeIgniter\Router\RouteCollection))
 4 SYSTEMPATH\CodeIgniter.php(355): CodeIgniter\CodeIgniter->handleRequest(null, Object(Config\Cache), false)
 5 SYSTEMPATH\Boot.php(312): CodeIgniter\CodeIgniter->run()
 6 SYSTEMPATH\Boot.php(67): CodeIgniter\Boot::runCodeIgniter(Object(CodeIgniter\CodeIgniter))
 7 FCPATH\index.php(56): CodeIgniter\Boot::bootWeb(Object(Config\Paths))
 8 SYSTEMPATH\Commands\Server\rewrite.php(49): require_once('C:\\xampp\\htdocs\\CI4\\public\\index.php')
CRITICAL - 2024-05-12 14:34:02 --> ErrorException: Undefined variable $row
[Method: GET, Route: dataalternative]
in APPPATH\Views\page\DataAlternative\index.php on line 85.
 1 APPPATH\Views\page\DataAlternative\index.php(85): CodeIgniter\Debug\Exceptions->errorHandler(2, 'Undefined variable $row', 'C:\\xampp\\htdocs\\CI4\\app\\Views\\page\\DataAlternative\\index.php', 85)
 2 SYSTEMPATH\View\View.php(234): include('C:\\xampp\\htdocs\\CI4\\app\\Views\\page\\DataAlternative\\index.php')
 3 SYSTEMPATH\View\View.php(237): CodeIgniter\View\View->CodeIgniter\View\{closure}()
 4 SYSTEMPATH\Common.php(1171): CodeIgniter\View\View->render('page/DataAlternative/index', [], true)
 5 APPPATH\Controllers\DataAlternative.php(21): view('page/DataAlternative/index', [...])
 6 SYSTEMPATH\CodeIgniter.php(933): App\Controllers\DataAlternative->index()
 7 SYSTEMPATH\CodeIgniter.php(509): CodeIgniter\CodeIgniter->runController(Object(App\Controllers\DataAlternative))
 8 SYSTEMPATH\CodeIgniter.php(355): CodeIgniter\CodeIgniter->handleRequest(null, Object(Config\Cache), false)
 9 SYSTEMPATH\Boot.php(312): CodeIgniter\CodeIgniter->run()
10 SYSTEMPATH\Boot.php(67): CodeIgniter\Boot::runCodeIgniter(Object(CodeIgniter\CodeIgniter))
11 FCPATH\index.php(56): CodeIgniter\Boot::bootWeb(Object(Config\Paths))
12 SYSTEMPATH\Commands\Server\rewrite.php(49): require_once('C:\\xampp\\htdocs\\CI4\\public\\index.php')
INFO - 2024-05-12 14:58:42 --> Session: Class initialized using 'CodeIgniter\Session\Handlers\FileHandler' driver.
INFO - 2024-05-12 15:02:01 --> Session: Class initialized using 'CodeIgniter\Session\Handlers\FileHandler' driver.
INFO - 2024-05-12 15:02:01 --> Session: Class initialized using 'CodeIgniter\Session\Handlers\FileHandler' driver.
INFO - 2024-05-12 15:02:15 --> Session: Class initialized using 'CodeIgniter\Session\Handlers\FileHandler' driver.
INFO - 2024-05-12 15:03:14 --> Session: Class initialized using 'CodeIgniter\Session\Handlers\FileHandler' driver.
CRITICAL - 2024-05-12 15:09:04 --> TypeError: view(): Argument #2 ($data) must be of type array, string given, called in C:\xampp\htdocs\CI4\app\Controllers\DataAlternative.php on line 52
[Method: GET, Route: dataalternative/editdata/3]
in SYSTEMPATH\Common.php on line 1159.
 1 APPPATH\Controllers\DataAlternative.php(52): view('page/DataAlternative/editdata', '3')
 2 SYSTEMPATH\CodeIgniter.php(933): App\Controllers\DataAlternative->editData('3')
 3 SYSTEMPATH\CodeIgniter.php(509): CodeIgniter\CodeIgniter->runController(Object(App\Controllers\DataAlternative))
 4 SYSTEMPATH\CodeIgniter.php(355): CodeIgniter\CodeIgniter->handleRequest(null, Object(Config\Cache), false)
 5 SYSTEMPATH\Boot.php(312): CodeIgniter\CodeIgniter->run()
 6 SYSTEMPATH\Boot.php(67): CodeIgniter\Boot::runCodeIgniter(Object(CodeIgniter\CodeIgniter))
 7 FCPATH\index.php(56): CodeIgniter\Boot::bootWeb(Object(Config\Paths))
 8 SYSTEMPATH\Commands\Server\rewrite.php(49): require_once('C:\\xampp\\htdocs\\CI4\\public\\index.php')
CRITICAL - 2024-05-12 15:09:08 --> TypeError: view(): Argument #2 ($data) must be of type array, string given, called in C:\xampp\htdocs\CI4\app\Controllers\DataAlternative.php on line 52
[Method: GET, Route: dataalternative/editdata/3]
in SYSTEMPATH\Common.php on line 1159.
 1 APPPATH\Controllers\DataAlternative.php(52): view('page/DataAlternative/editdata', '3')
 2 SYSTEMPATH\CodeIgniter.php(933): App\Controllers\DataAlternative->editData('3')
 3 SYSTEMPATH\CodeIgniter.php(509): CodeIgniter\CodeIgniter->runController(Object(App\Controllers\DataAlternative))
 4 SYSTEMPATH\CodeIgniter.php(355): CodeIgniter\CodeIgniter->handleRequest(null, Object(Config\Cache), false)
 5 SYSTEMPATH\Boot.php(312): CodeIgniter\CodeIgniter->run()
 6 SYSTEMPATH\Boot.php(67): CodeIgniter\Boot::runCodeIgniter(Object(CodeIgniter\CodeIgniter))
 7 FCPATH\index.php(56): CodeIgniter\Boot::bootWeb(Object(Config\Paths))
 8 SYSTEMPATH\Commands\Server\rewrite.php(49): require_once('C:\\xampp\\htdocs\\CI4\\public\\index.php')
CRITICAL - 2024-05-12 15:10:02 --> TypeError: view(): Argument #2 ($data) must be of type array, string given, called in C:\xampp\htdocs\CI4\app\Controllers\DataAlternative.php on line 53
[Method: GET, Route: dataalternative/editdata/3]
in SYSTEMPATH\Common.php on line 1159.
 1 APPPATH\Controllers\DataAlternative.php(53): view('page/DataAlternative/editdata', '3')
 2 SYSTEMPATH\CodeIgniter.php(933): App\Controllers\DataAlternative->editData('3')
 3 SYSTEMPATH\CodeIgniter.php(509): CodeIgniter\CodeIgniter->runController(Object(App\Controllers\DataAlternative))
 4 SYSTEMPATH\CodeIgniter.php(355): CodeIgniter\CodeIgniter->handleRequest(null, Object(Config\Cache), false)
 5 SYSTEMPATH\Boot.php(312): CodeIgniter\CodeIgniter->run()
 6 SYSTEMPATH\Boot.php(67): CodeIgniter\Boot::runCodeIgniter(Object(CodeIgniter\CodeIgniter))
 7 FCPATH\index.php(56): CodeIgniter\Boot::bootWeb(Object(Config\Paths))
 8 SYSTEMPATH\Commands\Server\rewrite.php(49): require_once('C:\\xampp\\htdocs\\CI4\\public\\index.php')
CRITICAL - 2024-05-12 15:10:23 --> ErrorException: Undefined variable $id
[Method: GET, Route: dataalternative/editdata/3]
in APPPATH\Views\page\DataAlternative\editData.php on line 42.
 1 APPPATH\Views\page\DataAlternative\editData.php(42): CodeIgniter\Debug\Exceptions->errorHandler(2, 'Undefined variable $id', 'C:\\xampp\\htdocs\\CI4\\app\\Views\\page\\DataAlternative\\editData.php', 42)
 2 SYSTEMPATH\View\View.php(234): include('C:\\xampp\\htdocs\\CI4\\app\\Views\\page\\DataAlternative\\editData.php')
 3 SYSTEMPATH\View\View.php(237): CodeIgniter\View\View->CodeIgniter\View\{closure}()
 4 SYSTEMPATH\Common.php(1171): CodeIgniter\View\View->render('page/DataAlternative/editdata', [], true)
 5 APPPATH\Controllers\DataAlternative.php(53): view('page/DataAlternative/editdata', [...])
 6 SYSTEMPATH\CodeIgniter.php(933): App\Controllers\DataAlternative->editData('3')
 7 SYSTEMPATH\CodeIgniter.php(509): CodeIgniter\CodeIgniter->runController(Object(App\Controllers\DataAlternative))
 8 SYSTEMPATH\CodeIgniter.php(355): CodeIgniter\CodeIgniter->handleRequest(null, Object(Config\Cache), false)
 9 SYSTEMPATH\Boot.php(312): CodeIgniter\CodeIgniter->run()
10 SYSTEMPATH\Boot.php(67): CodeIgniter\Boot::runCodeIgniter(Object(CodeIgniter\CodeIgniter))
11 FCPATH\index.php(56): CodeIgniter\Boot::bootWeb(Object(Config\Paths))
12 SYSTEMPATH\Commands\Server\rewrite.php(49): require_once('C:\\xampp\\htdocs\\CI4\\public\\index.php')
CRITICAL - 2024-05-12 15:10:24 --> ErrorException: Undefined variable $id
[Method: GET, Route: dataalternative/editdata/3]
in APPPATH\Views\page\DataAlternative\editData.php on line 42.
 1 APPPATH\Views\page\DataAlternative\editData.php(42): CodeIgniter\Debug\Exceptions->errorHandler(2, 'Undefined variable $id', 'C:\\xampp\\htdocs\\CI4\\app\\Views\\page\\DataAlternative\\editData.php', 42)
 2 SYSTEMPATH\View\View.php(234): include('C:\\xampp\\htdocs\\CI4\\app\\Views\\page\\DataAlternative\\editData.php')
 3 SYSTEMPATH\View\View.php(237): CodeIgniter\View\View->CodeIgniter\View\{closure}()
 4 SYSTEMPATH\Common.php(1171): CodeIgniter\View\View->render('page/DataAlternative/editdata', [], true)
 5 APPPATH\Controllers\DataAlternative.php(53): view('page/DataAlternative/editdata', [...])
 6 SYSTEMPATH\CodeIgniter.php(933): App\Controllers\DataAlternative->editData('3')
 7 SYSTEMPATH\CodeIgniter.php(509): CodeIgniter\CodeIgniter->runController(Object(App\Controllers\DataAlternative))
 8 SYSTEMPATH\CodeIgniter.php(355): CodeIgniter\CodeIgniter->handleRequest(null, Object(Config\Cache), false)
 9 SYSTEMPATH\Boot.php(312): CodeIgniter\CodeIgniter->run()
10 SYSTEMPATH\Boot.php(67): CodeIgniter\Boot::runCodeIgniter(Object(CodeIgniter\CodeIgniter))
11 FCPATH\index.php(56): CodeIgniter\Boot::bootWeb(Object(Config\Paths))
12 SYSTEMPATH\Commands\Server\rewrite.php(49): require_once('C:\\xampp\\htdocs\\CI4\\public\\index.php')
CRITICAL - 2024-05-12 15:10:26 --> ErrorException: Undefined variable $id
[Method: GET, Route: dataalternative/editdata/3]
in APPPATH\Views\page\DataAlternative\editData.php on line 42.
 1 APPPATH\Views\page\DataAlternative\editData.php(42): CodeIgniter\Debug\Exceptions->errorHandler(2, 'Undefined variable $id', 'C:\\xampp\\htdocs\\CI4\\app\\Views\\page\\DataAlternative\\editData.php', 42)
 2 SYSTEMPATH\View\View.php(234): include('C:\\xampp\\htdocs\\CI4\\app\\Views\\page\\DataAlternative\\editData.php')
 3 SYSTEMPATH\View\View.php(237): CodeIgniter\View\View->CodeIgniter\View\{closure}()
 4 SYSTEMPATH\Common.php(1171): CodeIgniter\View\View->render('page/DataAlternative/editdata', [], true)
 5 APPPATH\Controllers\DataAlternative.php(53): view('page/DataAlternative/editdata', [...])
 6 SYSTEMPATH\CodeIgniter.php(933): App\Controllers\DataAlternative->editData('3')
 7 SYSTEMPATH\CodeIgniter.php(509): CodeIgniter\CodeIgniter->runController(Object(App\Controllers\DataAlternative))
 8 SYSTEMPATH\CodeIgniter.php(355): CodeIgniter\CodeIgniter->handleRequest(null, Object(Config\Cache), false)
 9 SYSTEMPATH\Boot.php(312): CodeIgniter\CodeIgniter->run()
10 SYSTEMPATH\Boot.php(67): CodeIgniter\Boot::runCodeIgniter(Object(CodeIgniter\CodeIgniter))
11 FCPATH\index.php(56): CodeIgniter\Boot::bootWeb(Object(Config\Paths))
12 SYSTEMPATH\Commands\Server\rewrite.php(49): require_once('C:\\xampp\\htdocs\\CI4\\public\\index.php')
CRITICAL - 2024-05-12 15:16:20 --> TypeError: Unsupported operand types: string + string
[Method: POST, Route: dataalternative/editdata/editdataprocess/3]
in APPPATH\Controllers\DataAlternative.php on line 61.
 1 SYSTEMPATH\CodeIgniter.php(933): App\Controllers\DataAlternative->editDataprocess('3')
 2 SYSTEMPATH\CodeIgniter.php(509): CodeIgniter\CodeIgniter->runController(Object(App\Controllers\DataAlternative))
 3 SYSTEMPATH\CodeIgniter.php(355): CodeIgniter\CodeIgniter->handleRequest(null, Object(Config\Cache), false)
 4 SYSTEMPATH\Boot.php(312): CodeIgniter\CodeIgniter->run()
 5 SYSTEMPATH\Boot.php(67): CodeIgniter\Boot::runCodeIgniter(Object(CodeIgniter\CodeIgniter))
 6 FCPATH\index.php(56): CodeIgniter\Boot::bootWeb(Object(Config\Paths))
 7 SYSTEMPATH\Commands\Server\rewrite.php(49): require_once('C:\\xampp\\htdocs\\CI4\\public\\index.php')
CRITICAL - 2024-05-12 15:18:09 --> CodeIgniter\Database\Exceptions\DataException: There is no data to update.
[Method: POST, Route: dataalternative/editdata/editdataprocess/3]
in SYSTEMPATH\BaseModel.php on line 1833.
 1 SYSTEMPATH\BaseModel.php(1833): CodeIgniter\Database\Exceptions\DataException::forEmptyDataset('update')
 2 SYSTEMPATH\BaseModel.php(997): CodeIgniter\BaseModel->transformDataToArray(null, 'update')
 3 SYSTEMPATH\Model.php(854): CodeIgniter\BaseModel->update([...], null)
 4 APPPATH\Models\AlternatifModel.php(45): CodeIgniter\Model->update([...])
 5 APPPATH\Controllers\DataAlternative.php(60): App\Models\AlternatifModel->editProcess('3', 'A5', '')
 6 SYSTEMPATH\CodeIgniter.php(933): App\Controllers\DataAlternative->editDataprocess('3')
 7 SYSTEMPATH\CodeIgniter.php(509): CodeIgniter\CodeIgniter->runController(Object(App\Controllers\DataAlternative))
 8 SYSTEMPATH\CodeIgniter.php(355): CodeIgniter\CodeIgniter->handleRequest(null, Object(Config\Cache), false)
 9 SYSTEMPATH\Boot.php(312): CodeIgniter\CodeIgniter->run()
10 SYSTEMPATH\Boot.php(67): CodeIgniter\Boot::runCodeIgniter(Object(CodeIgniter\CodeIgniter))
11 FCPATH\index.php(56): CodeIgniter\Boot::bootWeb(Object(Config\Paths))
12 SYSTEMPATH\Commands\Server\rewrite.php(49): require_once('C:\\xampp\\htdocs\\CI4\\public\\index.php')
CRITICAL - 2024-05-12 15:18:13 --> CodeIgniter\Database\Exceptions\DataException: There is no data to update.
[Method: POST, Route: dataalternative/editdata/editdataprocess/3]
in SYSTEMPATH\BaseModel.php on line 1833.
 1 SYSTEMPATH\BaseModel.php(1833): CodeIgniter\Database\Exceptions\DataException::forEmptyDataset('update')
 2 SYSTEMPATH\BaseModel.php(997): CodeIgniter\BaseModel->transformDataToArray(null, 'update')
 3 SYSTEMPATH\Model.php(854): CodeIgniter\BaseModel->update([...], null)
 4 APPPATH\Models\AlternatifModel.php(45): CodeIgniter\Model->update([...])
 5 APPPATH\Controllers\DataAlternative.php(60): App\Models\AlternatifModel->editProcess('3', 'A5', '')
 6 SYSTEMPATH\CodeIgniter.php(933): App\Controllers\DataAlternative->editDataprocess('3')
 7 SYSTEMPATH\CodeIgniter.php(509): CodeIgniter\CodeIgniter->runController(Object(App\Controllers\DataAlternative))
 8 SYSTEMPATH\CodeIgniter.php(355): CodeIgniter\CodeIgniter->handleRequest(null, Object(Config\Cache), false)
 9 SYSTEMPATH\Boot.php(312): CodeIgniter\CodeIgniter->run()
10 SYSTEMPATH\Boot.php(67): CodeIgniter\Boot::runCodeIgniter(Object(CodeIgniter\CodeIgniter))
11 FCPATH\index.php(56): CodeIgniter\Boot::bootWeb(Object(Config\Paths))
12 SYSTEMPATH\Commands\Server\rewrite.php(49): require_once('C:\\xampp\\htdocs\\CI4\\public\\index.php')
CRITICAL - 2024-05-12 15:18:25 --> CodeIgniter\Database\Exceptions\DataException: There is no data to update.
[Method: POST, Route: dataalternative/editdata/editdataprocess/3]
in SYSTEMPATH\BaseModel.php on line 1833.
 1 SYSTEMPATH\BaseModel.php(1833): CodeIgniter\Database\Exceptions\DataException::forEmptyDataset('update')
 2 SYSTEMPATH\BaseModel.php(997): CodeIgniter\BaseModel->transformDataToArray(null, 'update')
 3 SYSTEMPATH\Model.php(854): CodeIgniter\BaseModel->update([...], null)
 4 APPPATH\Models\AlternatifModel.php(45): CodeIgniter\Model->update([...])
 5 APPPATH\Controllers\DataAlternative.php(60): App\Models\AlternatifModel->editProcess('3', 'A5', 'A5')
 6 SYSTEMPATH\CodeIgniter.php(933): App\Controllers\DataAlternative->editDataprocess('3')
 7 SYSTEMPATH\CodeIgniter.php(509): CodeIgniter\CodeIgniter->runController(Object(App\Controllers\DataAlternative))
 8 SYSTEMPATH\CodeIgniter.php(355): CodeIgniter\CodeIgniter->handleRequest(null, Object(Config\Cache), false)
 9 SYSTEMPATH\Boot.php(312): CodeIgniter\CodeIgniter->run()
10 SYSTEMPATH\Boot.php(67): CodeIgniter\Boot::runCodeIgniter(Object(CodeIgniter\CodeIgniter))
11 FCPATH\index.php(56): CodeIgniter\Boot::bootWeb(Object(Config\Paths))
12 SYSTEMPATH\Commands\Server\rewrite.php(49): require_once('C:\\xampp\\htdocs\\CI4\\public\\index.php')
CRITICAL - 2024-05-12 15:18:49 --> CodeIgniter\Database\Exceptions\DataException: There is no data to update.
[Method: POST, Route: dataalternative/editdata/editdataprocess/3]
in SYSTEMPATH\BaseModel.php on line 1833.
 1 SYSTEMPATH\BaseModel.php(1833): CodeIgniter\Database\Exceptions\DataException::forEmptyDataset('update')
 2 SYSTEMPATH\BaseModel.php(997): CodeIgniter\BaseModel->transformDataToArray(null, 'update')
 3 SYSTEMPATH\Model.php(854): CodeIgniter\BaseModel->update([...], null)
 4 APPPATH\Models\AlternatifModel.php(45): CodeIgniter\Model->update([...])
 5 APPPATH\Controllers\DataAlternative.php(60): App\Models\AlternatifModel->editProcess('3', 'A5', 'A5')
 6 SYSTEMPATH\CodeIgniter.php(933): App\Controllers\DataAlternative->editDataprocess('3')
 7 SYSTEMPATH\CodeIgniter.php(509): CodeIgniter\CodeIgniter->runController(Object(App\Controllers\DataAlternative))
 8 SYSTEMPATH\CodeIgniter.php(355): CodeIgniter\CodeIgniter->handleRequest(null, Object(Config\Cache), false)
 9 SYSTEMPATH\Boot.php(312): CodeIgniter\CodeIgniter->run()
10 SYSTEMPATH\Boot.php(67): CodeIgniter\Boot::runCodeIgniter(Object(CodeIgniter\CodeIgniter))
11 FCPATH\index.php(56): CodeIgniter\Boot::bootWeb(Object(Config\Paths))
12 SYSTEMPATH\Commands\Server\rewrite.php(49): require_once('C:\\xampp\\htdocs\\CI4\\public\\index.php')
CRITICAL - 2024-05-12 15:18:52 --> CodeIgniter\Database\Exceptions\DataException: There is no data to update.
[Method: POST, Route: dataalternative/editdata/editdataprocess/3]
in SYSTEMPATH\BaseModel.php on line 1833.
 1 SYSTEMPATH\BaseModel.php(1833): CodeIgniter\Database\Exceptions\DataException::forEmptyDataset('update')
 2 SYSTEMPATH\BaseModel.php(997): CodeIgniter\BaseModel->transformDataToArray(null, 'update')
 3 SYSTEMPATH\Model.php(854): CodeIgniter\BaseModel->update([...], null)
 4 APPPATH\Models\AlternatifModel.php(45): CodeIgniter\Model->update([...])
 5 APPPATH\Controllers\DataAlternative.php(60): App\Models\AlternatifModel->editProcess('3', 'A5', 'A5')
 6 SYSTEMPATH\CodeIgniter.php(933): App\Controllers\DataAlternative->editDataprocess('3')
 7 SYSTEMPATH\CodeIgniter.php(509): CodeIgniter\CodeIgniter->runController(Object(App\Controllers\DataAlternative))
 8 SYSTEMPATH\CodeIgniter.php(355): CodeIgniter\CodeIgniter->handleRequest(null, Object(Config\Cache), false)
 9 SYSTEMPATH\Boot.php(312): CodeIgniter\CodeIgniter->run()
10 SYSTEMPATH\Boot.php(67): CodeIgniter\Boot::runCodeIgniter(Object(CodeIgniter\CodeIgniter))
11 FCPATH\index.php(56): CodeIgniter\Boot::bootWeb(Object(Config\Paths))
12 SYSTEMPATH\Commands\Server\rewrite.php(49): require_once('C:\\xampp\\htdocs\\CI4\\public\\index.php')
CRITICAL - 2024-05-12 15:22:01 --> CodeIgniter\Database\Exceptions\DataException: There is no data to update.
[Method: POST, Route: dataalternative/editdata/editdataprocess/3]
in SYSTEMPATH\BaseModel.php on line 1833.
 1 SYSTEMPATH\BaseModel.php(1833): CodeIgniter\Database\Exceptions\DataException::forEmptyDataset('update')
 2 SYSTEMPATH\BaseModel.php(997): CodeIgniter\BaseModel->transformDataToArray(null, 'update')
 3 SYSTEMPATH\Model.php(854): CodeIgniter\BaseModel->update([...], null)
 4 APPPATH\Models\AlternatifModel.php(48): CodeIgniter\Model->update([...])
 5 APPPATH\Controllers\DataAlternative.php(60): App\Models\AlternatifModel->editProcess('3', 'A5', 'A5')
 6 SYSTEMPATH\CodeIgniter.php(933): App\Controllers\DataAlternative->editDataprocess('3')
 7 SYSTEMPATH\CodeIgniter.php(509): CodeIgniter\CodeIgniter->runController(Object(App\Controllers\DataAlternative))
 8 SYSTEMPATH\CodeIgniter.php(355): CodeIgniter\CodeIgniter->handleRequest(null, Object(Config\Cache), false)
 9 SYSTEMPATH\Boot.php(312): CodeIgniter\CodeIgniter->run()
10 SYSTEMPATH\Boot.php(67): CodeIgniter\Boot::runCodeIgniter(Object(CodeIgniter\CodeIgniter))
11 FCPATH\index.php(56): CodeIgniter\Boot::bootWeb(Object(Config\Paths))
12 SYSTEMPATH\Commands\Server\rewrite.php(49): require_once('C:\\xampp\\htdocs\\CI4\\public\\index.php')
CRITICAL - 2024-05-12 15:22:03 --> CodeIgniter\Database\Exceptions\DataException: There is no data to update.
[Method: POST, Route: dataalternative/editdata/editdataprocess/3]
in SYSTEMPATH\BaseModel.php on line 1833.
 1 SYSTEMPATH\BaseModel.php(1833): CodeIgniter\Database\Exceptions\DataException::forEmptyDataset('update')
 2 SYSTEMPATH\BaseModel.php(997): CodeIgniter\BaseModel->transformDataToArray(null, 'update')
 3 SYSTEMPATH\Model.php(854): CodeIgniter\BaseModel->update([...], null)
 4 APPPATH\Models\AlternatifModel.php(48): CodeIgniter\Model->update([...])
 5 APPPATH\Controllers\DataAlternative.php(60): App\Models\AlternatifModel->editProcess('3', 'A5', 'A5')
 6 SYSTEMPATH\CodeIgniter.php(933): App\Controllers\DataAlternative->editDataprocess('3')
 7 SYSTEMPATH\CodeIgniter.php(509): CodeIgniter\CodeIgniter->runController(Object(App\Controllers\DataAlternative))
 8 SYSTEMPATH\CodeIgniter.php(355): CodeIgniter\CodeIgniter->handleRequest(null, Object(Config\Cache), false)
 9 SYSTEMPATH\Boot.php(312): CodeIgniter\CodeIgniter->run()
10 SYSTEMPATH\Boot.php(67): CodeIgniter\Boot::runCodeIgniter(Object(CodeIgniter\CodeIgniter))
11 FCPATH\index.php(56): CodeIgniter\Boot::bootWeb(Object(Config\Paths))
12 SYSTEMPATH\Commands\Server\rewrite.php(49): require_once('C:\\xampp\\htdocs\\CI4\\public\\index.php')
CRITICAL - 2024-05-12 15:43:41 --> CodeIgniter\Database\Exceptions\DataException: There is no data to update.
[Method: POST, Route: dataalternative/editdata/editdataprocess/3]
in SYSTEMPATH\BaseModel.php on line 1833.
 1 SYSTEMPATH\BaseModel.php(1833): CodeIgniter\Database\Exceptions\DataException::forEmptyDataset('update')
 2 SYSTEMPATH\BaseModel.php(997): CodeIgniter\BaseModel->transformDataToArray(null, 'update')
 3 SYSTEMPATH\Model.php(854): CodeIgniter\BaseModel->update([...], null)
 4 APPPATH\Models\AlternatifModel.php(45): CodeIgniter\Model->update([...])
 5 APPPATH\Controllers\DataAlternative.php(60): App\Models\AlternatifModel->editProcess('3', 'A5', 'A5')
 6 SYSTEMPATH\CodeIgniter.php(933): App\Controllers\DataAlternative->editDataprocess('3')
 7 SYSTEMPATH\CodeIgniter.php(509): CodeIgniter\CodeIgniter->runController(Object(App\Controllers\DataAlternative))
 8 SYSTEMPATH\CodeIgniter.php(355): CodeIgniter\CodeIgniter->handleRequest(null, Object(Config\Cache), false)
 9 SYSTEMPATH\Boot.php(312): CodeIgniter\CodeIgniter->run()
10 SYSTEMPATH\Boot.php(67): CodeIgniter\Boot::runCodeIgniter(Object(CodeIgniter\CodeIgniter))
11 FCPATH\index.php(56): CodeIgniter\Boot::bootWeb(Object(Config\Paths))
12 SYSTEMPATH\Commands\Server\rewrite.php(49): require_once('C:\\xampp\\htdocs\\CI4\\public\\index.php')
CRITICAL - 2024-05-12 15:57:11 --> ErrorException: Undefined array key "kode"
[Method: GET, Route: dataalternative/editdata/3]
in APPPATH\Views\page\DataAlternative\editData.php on line 46.
 1 APPPATH\Views\page\DataAlternative\editData.php(46): CodeIgniter\Debug\Exceptions->errorHandler(2, 'Undefined array key "kode"', 'C:\\xampp\\htdocs\\CI4\\app\\Views\\page\\DataAlternative\\editData.php', 46)
 2 SYSTEMPATH\View\View.php(234): include('C:\\xampp\\htdocs\\CI4\\app\\Views\\page\\DataAlternative\\editData.php')
 3 SYSTEMPATH\View\View.php(237): CodeIgniter\View\View->CodeIgniter\View\{closure}()
 4 SYSTEMPATH\Common.php(1171): CodeIgniter\View\View->render('page/DataAlternative/editdata', [], true)
 5 APPPATH\Controllers\DataAlternative.php(59): view('page/DataAlternative/editdata', [...])
 6 SYSTEMPATH\CodeIgniter.php(933): App\Controllers\DataAlternative->editData('3')
 7 SYSTEMPATH\CodeIgniter.php(509): CodeIgniter\CodeIgniter->runController(Object(App\Controllers\DataAlternative))
 8 SYSTEMPATH\CodeIgniter.php(355): CodeIgniter\CodeIgniter->handleRequest(null, Object(Config\Cache), false)
 9 SYSTEMPATH\Boot.php(312): CodeIgniter\CodeIgniter->run()
10 SYSTEMPATH\Boot.php(67): CodeIgniter\Boot::runCodeIgniter(Object(CodeIgniter\CodeIgniter))
11 FCPATH\index.php(56): CodeIgniter\Boot::bootWeb(Object(Config\Paths))
12 SYSTEMPATH\Commands\Server\rewrite.php(49): require_once('C:\\xampp\\htdocs\\CI4\\public\\index.php')
CRITICAL - 2024-05-12 15:59:15 --> ErrorException: Undefined array key "kode"
[Method: GET, Route: dataalternative/editdata/3]
in APPPATH\Views\page\DataAlternative\editData.php on line 46.
 1 APPPATH\Views\page\DataAlternative\editData.php(46): CodeIgniter\Debug\Exceptions->errorHandler(2, 'Undefined array key "kode"', 'C:\\xampp\\htdocs\\CI4\\app\\Views\\page\\DataAlternative\\editData.php', 46)
 2 SYSTEMPATH\View\View.php(234): include('C:\\xampp\\htdocs\\CI4\\app\\Views\\page\\DataAlternative\\editData.php')
 3 SYSTEMPATH\View\View.php(237): CodeIgniter\View\View->CodeIgniter\View\{closure}()
 4 SYSTEMPATH\Common.php(1171): CodeIgniter\View\View->render('page/DataAlternative/editdata', [], true)
 5 APPPATH\Controllers\DataAlternative.php(59): view('page/DataAlternative/editdata', [...])
 6 SYSTEMPATH\CodeIgniter.php(933): App\Controllers\DataAlternative->editData('3')
 7 SYSTEMPATH\CodeIgniter.php(509): CodeIgniter\CodeIgniter->runController(Object(App\Controllers\DataAlternative))
 8 SYSTEMPATH\CodeIgniter.php(355): CodeIgniter\CodeIgniter->handleRequest(null, Object(Config\Cache), false)
 9 SYSTEMPATH\Boot.php(312): CodeIgniter\CodeIgniter->run()
10 SYSTEMPATH\Boot.php(67): CodeIgniter\Boot::runCodeIgniter(Object(CodeIgniter\CodeIgniter))
11 FCPATH\index.php(56): CodeIgniter\Boot::bootWeb(Object(Config\Paths))
12 SYSTEMPATH\Commands\Server\rewrite.php(49): require_once('C:\\xampp\\htdocs\\CI4\\public\\index.php')
CRITICAL - 2024-05-12 15:59:15 --> ErrorException: Undefined array key "kode"
[Method: GET, Route: dataalternative/editdata/3]
in APPPATH\Views\page\DataAlternative\editData.php on line 46.
 1 APPPATH\Views\page\DataAlternative\editData.php(46): CodeIgniter\Debug\Exceptions->errorHandler(2, 'Undefined array key "kode"', 'C:\\xampp\\htdocs\\CI4\\app\\Views\\page\\DataAlternative\\editData.php', 46)
 2 SYSTEMPATH\View\View.php(234): include('C:\\xampp\\htdocs\\CI4\\app\\Views\\page\\DataAlternative\\editData.php')
 3 SYSTEMPATH\View\View.php(237): CodeIgniter\View\View->CodeIgniter\View\{closure}()
 4 SYSTEMPATH\Common.php(1171): CodeIgniter\View\View->render('page/DataAlternative/editdata', [], true)
 5 APPPATH\Controllers\DataAlternative.php(59): view('page/DataAlternative/editdata', [...])
 6 SYSTEMPATH\CodeIgniter.php(933): App\Controllers\DataAlternative->editData('3')
 7 SYSTEMPATH\CodeIgniter.php(509): CodeIgniter\CodeIgniter->runController(Object(App\Controllers\DataAlternative))
 8 SYSTEMPATH\CodeIgniter.php(355): CodeIgniter\CodeIgniter->handleRequest(null, Object(Config\Cache), false)
 9 SYSTEMPATH\Boot.php(312): CodeIgniter\CodeIgniter->run()
10 SYSTEMPATH\Boot.php(67): CodeIgniter\Boot::runCodeIgniter(Object(CodeIgniter\CodeIgniter))
11 FCPATH\index.php(56): CodeIgniter\Boot::bootWeb(Object(Config\Paths))
12 SYSTEMPATH\Commands\Server\rewrite.php(49): require_once('C:\\xampp\\htdocs\\CI4\\public\\index.php')
CRITICAL - 2024-05-12 15:59:16 --> ErrorException: Undefined array key "kode"
[Method: GET, Route: dataalternative/editdata/3]
in APPPATH\Views\page\DataAlternative\editData.php on line 46.
 1 APPPATH\Views\page\DataAlternative\editData.php(46): CodeIgniter\Debug\Exceptions->errorHandler(2, 'Undefined array key "kode"', 'C:\\xampp\\htdocs\\CI4\\app\\Views\\page\\DataAlternative\\editData.php', 46)
 2 SYSTEMPATH\View\View.php(234): include('C:\\xampp\\htdocs\\CI4\\app\\Views\\page\\DataAlternative\\editData.php')
 3 SYSTEMPATH\View\View.php(237): CodeIgniter\View\View->CodeIgniter\View\{closure}()
 4 SYSTEMPATH\Common.php(1171): CodeIgniter\View\View->render('page/DataAlternative/editdata', [], true)
 5 APPPATH\Controllers\DataAlternative.php(59): view('page/DataAlternative/editdata', [...])
 6 SYSTEMPATH\CodeIgniter.php(933): App\Controllers\DataAlternative->editData('3')
 7 SYSTEMPATH\CodeIgniter.php(509): CodeIgniter\CodeIgniter->runController(Object(App\Controllers\DataAlternative))
 8 SYSTEMPATH\CodeIgniter.php(355): CodeIgniter\CodeIgniter->handleRequest(null, Object(Config\Cache), false)
 9 SYSTEMPATH\Boot.php(312): CodeIgniter\CodeIgniter->run()
10 SYSTEMPATH\Boot.php(67): CodeIgniter\Boot::runCodeIgniter(Object(CodeIgniter\CodeIgniter))
11 FCPATH\index.php(56): CodeIgniter\Boot::bootWeb(Object(Config\Paths))
12 SYSTEMPATH\Commands\Server\rewrite.php(49): require_once('C:\\xampp\\htdocs\\CI4\\public\\index.php')
CRITICAL - 2024-05-12 16:00:05 --> ErrorException: Undefined array key "kode"
[Method: GET, Route: dataalternative/editdata/3]
in APPPATH\Views\page\DataAlternative\editData.php on line 46.
 1 APPPATH\Views\page\DataAlternative\editData.php(46): CodeIgniter\Debug\Exceptions->errorHandler(2, 'Undefined array key "kode"', 'C:\\xampp\\htdocs\\CI4\\app\\Views\\page\\DataAlternative\\editData.php', 46)
 2 SYSTEMPATH\View\View.php(234): include('C:\\xampp\\htdocs\\CI4\\app\\Views\\page\\DataAlternative\\editData.php')
 3 SYSTEMPATH\View\View.php(237): CodeIgniter\View\View->CodeIgniter\View\{closure}()
 4 SYSTEMPATH\Common.php(1171): CodeIgniter\View\View->render('page/DataAlternative/editdata', [], true)
 5 APPPATH\Controllers\DataAlternative.php(59): view('page/DataAlternative/editdata', [...])
 6 SYSTEMPATH\CodeIgniter.php(933): App\Controllers\DataAlternative->editData('3')
 7 SYSTEMPATH\CodeIgniter.php(509): CodeIgniter\CodeIgniter->runController(Object(App\Controllers\DataAlternative))
 8 SYSTEMPATH\CodeIgniter.php(355): CodeIgniter\CodeIgniter->handleRequest(null, Object(Config\Cache), false)
 9 SYSTEMPATH\Boot.php(312): CodeIgniter\CodeIgniter->run()
10 SYSTEMPATH\Boot.php(67): CodeIgniter\Boot::runCodeIgniter(Object(CodeIgniter\CodeIgniter))
11 FCPATH\index.php(56): CodeIgniter\Boot::bootWeb(Object(Config\Paths))
12 SYSTEMPATH\Commands\Server\rewrite.php(49): require_once('C:\\xampp\\htdocs\\CI4\\public\\index.php')
CRITICAL - 2024-05-12 16:00:06 --> ErrorException: Undefined array key "kode"
[Method: GET, Route: dataalternative/editdata/3]
in APPPATH\Views\page\DataAlternative\editData.php on line 46.
 1 APPPATH\Views\page\DataAlternative\editData.php(46): CodeIgniter\Debug\Exceptions->errorHandler(2, 'Undefined array key "kode"', 'C:\\xampp\\htdocs\\CI4\\app\\Views\\page\\DataAlternative\\editData.php', 46)
 2 SYSTEMPATH\View\View.php(234): include('C:\\xampp\\htdocs\\CI4\\app\\Views\\page\\DataAlternative\\editData.php')
 3 SYSTEMPATH\View\View.php(237): CodeIgniter\View\View->CodeIgniter\View\{closure}()
 4 SYSTEMPATH\Common.php(1171): CodeIgniter\View\View->render('page/DataAlternative/editdata', [], true)
 5 APPPATH\Controllers\DataAlternative.php(59): view('page/DataAlternative/editdata', [...])
 6 SYSTEMPATH\CodeIgniter.php(933): App\Controllers\DataAlternative->editData('3')
 7 SYSTEMPATH\CodeIgniter.php(509): CodeIgniter\CodeIgniter->runController(Object(App\Controllers\DataAlternative))
 8 SYSTEMPATH\CodeIgniter.php(355): CodeIgniter\CodeIgniter->handleRequest(null, Object(Config\Cache), false)
 9 SYSTEMPATH\Boot.php(312): CodeIgniter\CodeIgniter->run()
10 SYSTEMPATH\Boot.php(67): CodeIgniter\Boot::runCodeIgniter(Object(CodeIgniter\CodeIgniter))
11 FCPATH\index.php(56): CodeIgniter\Boot::bootWeb(Object(Config\Paths))
12 SYSTEMPATH\Commands\Server\rewrite.php(49): require_once('C:\\xampp\\htdocs\\CI4\\public\\index.php')
CRITICAL - 2024-05-12 16:00:06 --> ErrorException: Undefined array key "kode"
[Method: GET, Route: dataalternative/editdata/3]
in APPPATH\Views\page\DataAlternative\editData.php on line 46.
 1 APPPATH\Views\page\DataAlternative\editData.php(46): CodeIgniter\Debug\Exceptions->errorHandler(2, 'Undefined array key "kode"', 'C:\\xampp\\htdocs\\CI4\\app\\Views\\page\\DataAlternative\\editData.php', 46)
 2 SYSTEMPATH\View\View.php(234): include('C:\\xampp\\htdocs\\CI4\\app\\Views\\page\\DataAlternative\\editData.php')
 3 SYSTEMPATH\View\View.php(237): CodeIgniter\View\View->CodeIgniter\View\{closure}()
 4 SYSTEMPATH\Common.php(1171): CodeIgniter\View\View->render('page/DataAlternative/editdata', [], true)
 5 APPPATH\Controllers\DataAlternative.php(59): view('page/DataAlternative/editdata', [...])
 6 SYSTEMPATH\CodeIgniter.php(933): App\Controllers\DataAlternative->editData('3')
 7 SYSTEMPATH\CodeIgniter.php(509): CodeIgniter\CodeIgniter->runController(Object(App\Controllers\DataAlternative))
 8 SYSTEMPATH\CodeIgniter.php(355): CodeIgniter\CodeIgniter->handleRequest(null, Object(Config\Cache), false)
 9 SYSTEMPATH\Boot.php(312): CodeIgniter\CodeIgniter->run()
10 SYSTEMPATH\Boot.php(67): CodeIgniter\Boot::runCodeIgniter(Object(CodeIgniter\CodeIgniter))
11 FCPATH\index.php(56): CodeIgniter\Boot::bootWeb(Object(Config\Paths))
12 SYSTEMPATH\Commands\Server\rewrite.php(49): require_once('C:\\xampp\\htdocs\\CI4\\public\\index.php')
CRITICAL - 2024-05-12 16:00:07 --> ErrorException: Undefined array key "kode"
[Method: GET, Route: dataalternative/editdata/3]
in APPPATH\Views\page\DataAlternative\editData.php on line 46.
 1 APPPATH\Views\page\DataAlternative\editData.php(46): CodeIgniter\Debug\Exceptions->errorHandler(2, 'Undefined array key "kode"', 'C:\\xampp\\htdocs\\CI4\\app\\Views\\page\\DataAlternative\\editData.php', 46)
 2 SYSTEMPATH\View\View.php(234): include('C:\\xampp\\htdocs\\CI4\\app\\Views\\page\\DataAlternative\\editData.php')
 3 SYSTEMPATH\View\View.php(237): CodeIgniter\View\View->CodeIgniter\View\{closure}()
 4 SYSTEMPATH\Common.php(1171): CodeIgniter\View\View->render('page/DataAlternative/editdata', [], true)
 5 APPPATH\Controllers\DataAlternative.php(59): view('page/DataAlternative/editdata', [...])
 6 SYSTEMPATH\CodeIgniter.php(933): App\Controllers\DataAlternative->editData('3')
 7 SYSTEMPATH\CodeIgniter.php(509): CodeIgniter\CodeIgniter->runController(Object(App\Controllers\DataAlternative))
 8 SYSTEMPATH\CodeIgniter.php(355): CodeIgniter\CodeIgniter->handleRequest(null, Object(Config\Cache), false)
 9 SYSTEMPATH\Boot.php(312): CodeIgniter\CodeIgniter->run()
10 SYSTEMPATH\Boot.php(67): CodeIgniter\Boot::runCodeIgniter(Object(CodeIgniter\CodeIgniter))
11 FCPATH\index.php(56): CodeIgniter\Boot::bootWeb(Object(Config\Paths))
12 SYSTEMPATH\Commands\Server\rewrite.php(49): require_once('C:\\xampp\\htdocs\\CI4\\public\\index.php')
CRITICAL - 2024-05-12 16:00:07 --> ErrorException: Undefined array key "kode"
[Method: GET, Route: dataalternative/editdata/3]
in APPPATH\Views\page\DataAlternative\editData.php on line 46.
 1 APPPATH\Views\page\DataAlternative\editData.php(46): CodeIgniter\Debug\Exceptions->errorHandler(2, 'Undefined array key "kode"', 'C:\\xampp\\htdocs\\CI4\\app\\Views\\page\\DataAlternative\\editData.php', 46)
 2 SYSTEMPATH\View\View.php(234): include('C:\\xampp\\htdocs\\CI4\\app\\Views\\page\\DataAlternative\\editData.php')
 3 SYSTEMPATH\View\View.php(237): CodeIgniter\View\View->CodeIgniter\View\{closure}()
 4 SYSTEMPATH\Common.php(1171): CodeIgniter\View\View->render('page/DataAlternative/editdata', [], true)
 5 APPPATH\Controllers\DataAlternative.php(59): view('page/DataAlternative/editdata', [...])
 6 SYSTEMPATH\CodeIgniter.php(933): App\Controllers\DataAlternative->editData('3')
 7 SYSTEMPATH\CodeIgniter.php(509): CodeIgniter\CodeIgniter->runController(Object(App\Controllers\DataAlternative))
 8 SYSTEMPATH\CodeIgniter.php(355): CodeIgniter\CodeIgniter->handleRequest(null, Object(Config\Cache), false)
 9 SYSTEMPATH\Boot.php(312): CodeIgniter\CodeIgniter->run()
10 SYSTEMPATH\Boot.php(67): CodeIgniter\Boot::runCodeIgniter(Object(CodeIgniter\CodeIgniter))
11 FCPATH\index.php(56): CodeIgniter\Boot::bootWeb(Object(Config\Paths))
12 SYSTEMPATH\Commands\Server\rewrite.php(49): require_once('C:\\xampp\\htdocs\\CI4\\public\\index.php')
